{
  "C:\\Users\\Яна\\Desktop\\rs-prod\\React-2024Q3\\react-project\\src\\components\\header\\header.tsx": {
    "path": "C:\\Users\\Яна\\Desktop\\rs-prod\\React-2024Q3\\react-project\\src\\components\\header\\header.tsx",
    "statementMap": {
      "0": {
        "start": { "line": 1, "column": 0 },
        "end": { "line": 1, "column": 71 }
      },
      "1": {
        "start": { "line": 2, "column": 0 },
        "end": { "line": 2, "column": 83 }
      },
      "2": {
        "start": { "line": 3, "column": 0 },
        "end": { "line": 3, "column": 41 }
      },
      "3": {
        "start": { "line": 5, "column": 2 },
        "end": { "line": 10, "column": 4 }
      },
      "4": {
        "start": { "line": 13, "column": 0 },
        "end": { "line": 13, "column": 22 }
      }
    },
    "fnMap": {
      "0": {
        "name": "Header",
        "decl": {
          "start": { "line": 4, "column": 9 },
          "end": { "line": 4, "column": 15 }
        },
        "loc": {
          "start": { "line": 4, "column": 15 },
          "end": { "line": 11, "column": 1 }
        }
      }
    },
    "branchMap": {},
    "s": { "0": 1, "1": 1, "2": 1, "3": 1, "4": 1 },
    "f": { "0": 1 },
    "b": {}
  },
  "C:\\Users\\Яна\\Desktop\\rs-prod\\React-2024Q3\\react-project\\src\\components\\search-input\\search-input.tsx": {
    "path": "C:\\Users\\Яна\\Desktop\\rs-prod\\React-2024Q3\\react-project\\src\\components\\search-input\\search-input.tsx",
    "statementMap": {
      "0": {
        "start": { "line": 2, "column": 0 },
        "end": { "line": 2, "column": 42 }
      },
      "1": {
        "start": { "line": 4, "column": 0 },
        "end": { "line": 4, "column": 65 }
      },
      "2": {
        "start": { "line": 5, "column": 0 },
        "end": { "line": 5, "column": 55 }
      },
      "3": {
        "start": { "line": 7, "column": 0 },
        "end": { "line": 7, "column": 60 }
      },
      "4": {
        "start": { "line": 8, "column": 0 },
        "end": { "line": 8, "column": 42 }
      },
      "5": {
        "start": { "line": 9, "column": 0 },
        "end": { "line": 9, "column": 47 }
      },
      "6": {
        "start": { "line": 15, "column": 48 },
        "end": { "line": 62, "column": 1 }
      },
      "7": {
        "start": { "line": 16, "column": 40 },
        "end": { "line": 16, "column": 69 }
      },
      "8": {
        "start": { "line": 17, "column": 19 },
        "end": { "line": 17, "column": 45 }
      },
      "9": {
        "start": { "line": 18, "column": 23 },
        "end": { "line": 19, "column": null }
      },
      "10": {
        "start": { "line": 19, "column": 26 },
        "end": { "line": 19, "column": 50 }
      },
      "11": {
        "start": { "line": 22, "column": 4 },
        "end": { "line": 22, "column": 70 }
      },
      "12": {
        "start": { "line": 23, "column": 29 },
        "end": { "line": 27, "column": 3 }
      },
      "13": {
        "start": { "line": 24, "column": 18 },
        "end": { "line": 24, "column": 43 }
      },
      "14": {
        "start": { "line": 25, "column": 4 },
        "end": { "line": 25, "column": 26 }
      },
      "15": {
        "start": { "line": 26, "column": 4 },
        "end": { "line": 26, "column": 36 }
      },
      "16": {
        "start": { "line": 29, "column": 28 },
        "end": { "line": 32, "column": 3 }
      },
      "17": {
        "start": { "line": 30, "column": 25 },
        "end": { "line": 30, "column": 43 }
      },
      "18": {
        "start": { "line": 31, "column": 4 },
        "end": { "line": 31, "column": 33 }
      },
      "19": {
        "start": { "line": 34, "column": 25 },
        "end": { "line": 38, "column": 3 }
      },
      "20": {
        "start": { "line": 35, "column": 4 },
        "end": { "line": 37, "column": 5 }
      },
      "21": {
        "start": { "line": 36, "column": 6 },
        "end": { "line": 36, "column": 26 }
      },
      "22": {
        "start": { "line": 40, "column": 2 },
        "end": { "line": 61, "column": 4 }
      },
      "23": {
        "start": { "line": 43, "column": 26 },
        "end": { "line": 43, "column": 49 }
      },
      "24": {
        "start": { "line": 64, "column": 0 },
        "end": { "line": 64, "column": 27 }
      }
    },
    "fnMap": {
      "0": {
        "name": "(anonymous_1)",
        "decl": {
          "start": { "line": 15, "column": 48 },
          "end": { "line": 15, "column": 49 }
        },
        "loc": {
          "start": { "line": 15, "column": 71 },
          "end": { "line": 62, "column": 1 }
        }
      },
      "1": {
        "name": "(anonymous_2)",
        "decl": {
          "start": { "line": 19, "column": 4 },
          "end": { "line": 19, "column": 5 }
        },
        "loc": {
          "start": { "line": 19, "column": 26 },
          "end": { "line": 19, "column": 50 }
        }
      },
      "2": {
        "name": "(anonymous_3)",
        "decl": {
          "start": { "line": 23, "column": 29 },
          "end": { "line": 23, "column": 30 }
        },
        "loc": {
          "start": { "line": 23, "column": 76 },
          "end": { "line": 27, "column": 3 }
        }
      },
      "3": {
        "name": "(anonymous_4)",
        "decl": {
          "start": { "line": 29, "column": 28 },
          "end": { "line": 29, "column": 31 }
        },
        "loc": {
          "start": { "line": 29, "column": 33 },
          "end": { "line": 32, "column": 3 }
        }
      },
      "4": {
        "name": "(anonymous_5)",
        "decl": {
          "start": { "line": 34, "column": 25 },
          "end": { "line": 34, "column": 26 }
        },
        "loc": {
          "start": { "line": 34, "column": 74 },
          "end": { "line": 38, "column": 3 }
        }
      },
      "5": {
        "name": "(anonymous_6)",
        "decl": {
          "start": { "line": 43, "column": 15 },
          "end": { "line": 43, "column": 16 }
        },
        "loc": {
          "start": { "line": 43, "column": 26 },
          "end": { "line": 43, "column": 49 }
        }
      }
    },
    "branchMap": {
      "0": {
        "loc": {
          "start": { "line": 22, "column": 4 },
          "end": { "line": 22, "column": 70 }
        },
        "type": "cond-expr",
        "locations": [
          {
            "start": { "line": 22, "column": 34 },
            "end": { "line": 22, "column": 51 }
          },
          {
            "start": { "line": 22, "column": 54 },
            "end": { "line": 22, "column": 70 }
          }
        ]
      },
      "1": {
        "loc": {
          "start": { "line": 35, "column": 4 },
          "end": { "line": 37, "column": 5 }
        },
        "type": "if",
        "locations": [
          {
            "start": { "line": 35, "column": 4 },
            "end": { "line": 37, "column": 5 }
          }
        ]
      }
    },
    "s": {
      "0": 1,
      "1": 1,
      "2": 1,
      "3": 1,
      "4": 1,
      "5": 1,
      "6": 1,
      "7": 5,
      "8": 5,
      "9": 5,
      "10": 10,
      "11": 5,
      "12": 5,
      "13": 1,
      "14": 1,
      "15": 1,
      "16": 5,
      "17": 2,
      "18": 2,
      "19": 5,
      "20": 1,
      "21": 1,
      "22": 5,
      "23": 1,
      "24": 1
    },
    "f": { "0": 5, "1": 10, "2": 1, "3": 2, "4": 1, "5": 1 },
    "b": { "0": [4, 1], "1": [1] }
  },
  "C:\\Users\\Яна\\Desktop\\rs-prod\\React-2024Q3\\react-project\\src\\components\\search-item\\search-item.tsx": {
    "path": "C:\\Users\\Яна\\Desktop\\rs-prod\\React-2024Q3\\react-project\\src\\components\\search-item\\search-item.tsx",
    "statementMap": {
      "0": {
        "start": { "line": 3, "column": 0 },
        "end": { "line": 3, "column": 57 }
      },
      "1": {
        "start": { "line": 5, "column": 0 },
        "end": { "line": 5, "column": 60 }
      },
      "2": {
        "start": { "line": 6, "column": 0 },
        "end": { "line": 6, "column": 55 }
      },
      "3": {
        "start": { "line": 7, "column": 0 },
        "end": { "line": 7, "column": null }
      },
      "4": {
        "start": { "line": 11, "column": 0 },
        "end": { "line": 11, "column": 46 }
      },
      "5": {
        "start": { "line": 17, "column": 46 },
        "end": { "line": 63, "column": 1 }
      },
      "6": {
        "start": { "line": 18, "column": 25 },
        "end": { "line": 18, "column": 42 }
      },
      "7": {
        "start": { "line": 19, "column": 19 },
        "end": { "line": 19, "column": 32 }
      },
      "8": {
        "start": { "line": 20, "column": 23 },
        "end": { "line": 21, "column": null }
      },
      "9": {
        "start": { "line": 21, "column": 26 },
        "end": { "line": 21, "column": 50 }
      },
      "10": {
        "start": { "line": 24, "column": 4 },
        "end": { "line": 24, "column": 70 }
      },
      "11": {
        "start": { "line": 26, "column": 22 },
        "end": { "line": 27, "column": null }
      },
      "12": {
        "start": { "line": 27, "column": 4 },
        "end": { "line": 27, "column": 47 }
      },
      "13": {
        "start": { "line": 30, "column": 31 },
        "end": { "line": 32, "column": 3 }
      },
      "14": {
        "start": { "line": 31, "column": 4 },
        "end": { "line": 31, "column": 55 }
      },
      "15": {
        "start": { "line": 34, "column": 2 },
        "end": { "line": 62, "column": 4 }
      },
      "16": {
        "start": { "line": 38, "column": 26 },
        "end": { "line": 38, "column": 49 }
      },
      "17": {
        "start": { "line": 65, "column": 0 },
        "end": { "line": 65, "column": 26 }
      }
    },
    "fnMap": {
      "0": {
        "name": "(anonymous_1)",
        "decl": {
          "start": { "line": 17, "column": 46 },
          "end": { "line": 17, "column": 47 }
        },
        "loc": {
          "start": { "line": 17, "column": 64 },
          "end": { "line": 63, "column": 1 }
        }
      },
      "1": {
        "name": "(anonymous_2)",
        "decl": {
          "start": { "line": 21, "column": 4 },
          "end": { "line": 21, "column": 5 }
        },
        "loc": {
          "start": { "line": 21, "column": 26 },
          "end": { "line": 21, "column": 50 }
        }
      },
      "2": {
        "name": "(anonymous_3)",
        "decl": {
          "start": { "line": 26, "column": 34 },
          "end": { "line": 26, "column": 35 }
        },
        "loc": {
          "start": { "line": 27, "column": 4 },
          "end": { "line": 27, "column": 47 }
        }
      },
      "3": {
        "name": "(anonymous_4)",
        "decl": {
          "start": { "line": 30, "column": 31 },
          "end": { "line": 30, "column": 34 }
        },
        "loc": {
          "start": { "line": 30, "column": 36 },
          "end": { "line": 32, "column": 3 }
        }
      },
      "4": {
        "name": "(anonymous_5)",
        "decl": {
          "start": { "line": 38, "column": 15 },
          "end": { "line": 38, "column": 16 }
        },
        "loc": {
          "start": { "line": 38, "column": 26 },
          "end": { "line": 38, "column": 49 }
        }
      }
    },
    "branchMap": {
      "0": {
        "loc": {
          "start": { "line": 24, "column": 4 },
          "end": { "line": 24, "column": 70 }
        },
        "type": "cond-expr",
        "locations": [
          {
            "start": { "line": 24, "column": 34 },
            "end": { "line": 24, "column": 51 }
          },
          {
            "start": { "line": 24, "column": 54 },
            "end": { "line": 24, "column": 70 }
          }
        ]
      },
      "1": {
        "loc": {
          "start": { "line": 50, "column": 12 },
          "end": { "line": 50, "column": null }
        },
        "type": "cond-expr",
        "locations": [
          {
            "start": { "line": 50, "column": 47 },
            "end": { "line": 50, "column": 49 }
          },
          {
            "start": { "line": 50, "column": 52 },
            "end": { "line": 50, "column": null }
          }
        ]
      }
    },
    "s": {
      "0": 1,
      "1": 1,
      "2": 1,
      "3": 1,
      "4": 1,
      "5": 1,
      "6": 3,
      "7": 3,
      "8": 3,
      "9": 6,
      "10": 3,
      "11": 3,
      "12": 6,
      "13": 3,
      "14": 1,
      "15": 3,
      "16": 1,
      "17": 1
    },
    "f": { "0": 3, "1": 6, "2": 6, "3": 1, "4": 1 },
    "b": { "0": [3, 0], "1": [3, 0] }
  },
  "C:\\Users\\Яна\\Desktop\\rs-prod\\React-2024Q3\\react-project\\src\\components\\search-list\\search-list.tsx": {
    "path": "C:\\Users\\Яна\\Desktop\\rs-prod\\React-2024Q3\\react-project\\src\\components\\search-list\\search-list.tsx",
    "statementMap": {
      "0": {
        "start": { "line": 2, "column": 0 },
        "end": { "line": 2, "column": 52 }
      },
      "1": {
        "start": { "line": 4, "column": 0 },
        "end": { "line": 4, "column": 46 }
      },
      "2": {
        "start": { "line": 5, "column": 0 },
        "end": { "line": 5, "column": 38 }
      },
      "3": {
        "start": { "line": 10, "column": 46 },
        "end": { "line": 22, "column": null }
      },
      "4": {
        "start": { "line": 11, "column": 2 },
        "end": { "line": 21, "column": null }
      },
      "5": {
        "start": { "line": 17, "column": 10 },
        "end": { "line": 17, "column": 42 }
      },
      "6": {
        "start": { "line": 25, "column": 0 },
        "end": { "line": 25, "column": 26 }
      }
    },
    "fnMap": {
      "0": {
        "name": "(anonymous_1)",
        "decl": {
          "start": { "line": 10, "column": 46 },
          "end": { "line": 10, "column": 47 }
        },
        "loc": {
          "start": { "line": 11, "column": 2 },
          "end": { "line": 21, "column": null }
        }
      },
      "1": {
        "name": "(anonymous_2)",
        "decl": {
          "start": { "line": 16, "column": 23 },
          "end": { "line": 16, "column": 24 }
        },
        "loc": {
          "start": { "line": 17, "column": 10 },
          "end": { "line": 17, "column": 42 }
        }
      }
    },
    "branchMap": {
      "0": {
        "loc": {
          "start": { "line": 13, "column": 7 },
          "end": { "line": 18, "column": null }
        },
        "type": "cond-expr",
        "locations": [
          {
            "start": { "line": 14, "column": 8 },
            "end": { "line": 14, "column": 28 }
          },
          {
            "start": { "line": 16, "column": 8 },
            "end": { "line": 18, "column": 10 }
          }
        ]
      }
    },
    "s": { "0": 1, "1": 1, "2": 1, "3": 1, "4": 3, "5": 2, "6": 1 },
    "f": { "0": 3, "1": 2 },
    "b": { "0": [2, 1] }
  },
  "C:\\Users\\Яна\\Desktop\\rs-prod\\React-2024Q3\\react-project\\src\\components\\ui\\button\\button.tsx": {
    "path": "C:\\Users\\Яна\\Desktop\\rs-prod\\React-2024Q3\\react-project\\src\\components\\ui\\button\\button.tsx",
    "statementMap": {
      "0": {
        "start": { "line": 1, "column": 0 },
        "end": { "line": 1, "column": 42 }
      },
      "1": {
        "start": { "line": 3, "column": 0 },
        "end": { "line": 3, "column": 63 }
      },
      "2": {
        "start": { "line": 4, "column": 0 },
        "end": { "line": 4, "column": 41 }
      },
      "3": {
        "start": { "line": 15, "column": 15 },
        "end": { "line": 60, "column": 1 }
      },
      "4": {
        "start": { "line": 23, "column": 22 },
        "end": { "line": 30, "column": 3 }
      },
      "5": {
        "start": { "line": 24, "column": 4 },
        "end": { "line": 26, "column": 5 }
      },
      "6": {
        "start": { "line": 25, "column": 6 },
        "end": { "line": 25, "column": 32 }
      },
      "7": {
        "start": { "line": 27, "column": 4 },
        "end": { "line": 29, "column": 5 }
      },
      "8": {
        "start": { "line": 28, "column": 6 },
        "end": { "line": 28, "column": 16 }
      },
      "9": {
        "start": { "line": 31, "column": 23 },
        "end": { "line": 32, "column": null }
      },
      "10": {
        "start": { "line": 32, "column": 26 },
        "end": { "line": 32, "column": 50 }
      },
      "11": {
        "start": { "line": 35, "column": 4 },
        "end": { "line": 35, "column": 70 }
      },
      "12": {
        "start": { "line": 37, "column": 2 },
        "end": { "line": 48, "column": 3 }
      },
      "13": {
        "start": { "line": 38, "column": 4 },
        "end": { "line": 47, "column": 6 }
      },
      "14": {
        "start": { "line": 50, "column": 2 },
        "end": { "line": 59, "column": 4 }
      },
      "15": {
        "start": { "line": 62, "column": 0 },
        "end": { "line": 62, "column": 22 }
      }
    },
    "fnMap": {
      "0": {
        "name": "(anonymous_1)",
        "decl": {
          "start": { "line": 15, "column": 15 },
          "end": { "line": 15, "column": 16 }
        },
        "loc": {
          "start": { "line": 22, "column": 18 },
          "end": { "line": 60, "column": 1 }
        }
      },
      "1": {
        "name": "(anonymous_2)",
        "decl": {
          "start": { "line": 23, "column": 22 },
          "end": { "line": 23, "column": 25 }
        },
        "loc": {
          "start": { "line": 23, "column": 27 },
          "end": { "line": 30, "column": 3 }
        }
      },
      "2": {
        "name": "(anonymous_3)",
        "decl": {
          "start": { "line": 32, "column": 4 },
          "end": { "line": 32, "column": 5 }
        },
        "loc": {
          "start": { "line": 32, "column": 26 },
          "end": { "line": 32, "column": 50 }
        }
      }
    },
    "branchMap": {
      "0": {
        "loc": {
          "start": { "line": 16, "column": 2 },
          "end": { "line": 16, "column": 20 }
        },
        "type": "default-arg",
        "locations": [
          {
            "start": { "line": 16, "column": 12 },
            "end": { "line": 16, "column": 20 }
          }
        ]
      },
      "1": {
        "loc": {
          "start": { "line": 24, "column": 4 },
          "end": { "line": 26, "column": 5 }
        },
        "type": "if",
        "locations": [
          {
            "start": { "line": 24, "column": 4 },
            "end": { "line": 26, "column": 5 }
          }
        ]
      },
      "2": {
        "loc": {
          "start": { "line": 27, "column": 4 },
          "end": { "line": 29, "column": 5 }
        },
        "type": "if",
        "locations": [
          {
            "start": { "line": 27, "column": 4 },
            "end": { "line": 29, "column": 5 }
          }
        ]
      },
      "3": {
        "loc": {
          "start": { "line": 35, "column": 4 },
          "end": { "line": 35, "column": 70 }
        },
        "type": "cond-expr",
        "locations": [
          {
            "start": { "line": 35, "column": 34 },
            "end": { "line": 35, "column": 51 }
          },
          {
            "start": { "line": 35, "column": 54 },
            "end": { "line": 35, "column": 70 }
          }
        ]
      },
      "4": {
        "loc": {
          "start": { "line": 37, "column": 2 },
          "end": { "line": 48, "column": 3 }
        },
        "type": "if",
        "locations": [
          {
            "start": { "line": 37, "column": 2 },
            "end": { "line": 48, "column": 3 }
          }
        ]
      }
    },
    "s": {
      "0": 2,
      "1": 2,
      "2": 2,
      "3": 2,
      "4": 9,
      "5": 2,
      "6": 1,
      "7": 2,
      "8": 1,
      "9": 9,
      "10": 18,
      "11": 9,
      "12": 9,
      "13": 1,
      "14": 8,
      "15": 2
    },
    "f": { "0": 9, "1": 2, "2": 18 },
    "b": { "0": [0], "1": [1], "2": [1], "3": [7, 2], "4": [1] }
  },
  "C:\\Users\\Яна\\Desktop\\rs-prod\\React-2024Q3\\react-project\\src\\components\\ui\\loading\\loading.tsx": {
    "path": "C:\\Users\\Яна\\Desktop\\rs-prod\\React-2024Q3\\react-project\\src\\components\\ui\\loading\\loading.tsx",
    "statementMap": {
      "0": {
        "start": { "line": 3, "column": 0 },
        "end": { "line": 3, "column": 63 }
      },
      "1": {
        "start": { "line": 4, "column": 0 },
        "end": { "line": 4, "column": 42 }
      },
      "2": {
        "start": { "line": 5, "column": 0 },
        "end": { "line": 5, "column": 42 }
      },
      "3": {
        "start": { "line": 7, "column": 26 },
        "end": { "line": 18, "column": 1 }
      },
      "4": {
        "start": { "line": 8, "column": 23 },
        "end": { "line": 9, "column": null }
      },
      "5": {
        "start": { "line": 9, "column": 26 },
        "end": { "line": 9, "column": 50 }
      },
      "6": {
        "start": { "line": 12, "column": 4 },
        "end": { "line": 12, "column": 70 }
      },
      "7": {
        "start": { "line": 13, "column": 2 },
        "end": { "line": 17, "column": 4 }
      },
      "8": {
        "start": { "line": 20, "column": 0 },
        "end": { "line": 20, "column": 23 }
      }
    },
    "fnMap": {
      "0": {
        "name": "(anonymous_1)",
        "decl": {
          "start": { "line": 7, "column": 26 },
          "end": { "line": 7, "column": 29 }
        },
        "loc": {
          "start": { "line": 7, "column": 31 },
          "end": { "line": 18, "column": 1 }
        }
      },
      "1": {
        "name": "(anonymous_2)",
        "decl": {
          "start": { "line": 9, "column": 4 },
          "end": { "line": 9, "column": 5 }
        },
        "loc": {
          "start": { "line": 9, "column": 26 },
          "end": { "line": 9, "column": 50 }
        }
      }
    },
    "branchMap": {
      "0": {
        "loc": {
          "start": { "line": 12, "column": 4 },
          "end": { "line": 12, "column": 70 }
        },
        "type": "cond-expr",
        "locations": [
          {
            "start": { "line": 12, "column": 34 },
            "end": { "line": 12, "column": 51 }
          },
          {
            "start": { "line": 12, "column": 54 },
            "end": { "line": 12, "column": 70 }
          }
        ]
      }
    },
    "s": {
      "0": 1,
      "1": 1,
      "2": 1,
      "3": 1,
      "4": 2,
      "5": 4,
      "6": 2,
      "7": 2,
      "8": 1
    },
    "f": { "0": 2, "1": 4 },
    "b": { "0": [1, 1] }
  },
  "C:\\Users\\Яна\\Desktop\\rs-prod\\React-2024Q3\\react-project\\src\\components\\ui\\pagination\\pagination.tsx": {
    "path": "C:\\Users\\Яна\\Desktop\\rs-prod\\React-2024Q3\\react-project\\src\\components\\ui\\pagination\\pagination.tsx",
    "statementMap": {
      "0": {
        "start": { "line": 3, "column": 0 },
        "end": { "line": 3, "column": 63 }
      },
      "1": {
        "start": { "line": 4, "column": 0 },
        "end": { "line": 4, "column": 42 }
      },
      "2": {
        "start": { "line": 5, "column": 0 },
        "end": { "line": 5, "column": 45 }
      },
      "3": {
        "start": { "line": 13, "column": 46 },
        "end": { "line": 130, "column": 1 }
      },
      "4": {
        "start": { "line": 18, "column": 23 },
        "end": { "line": 19, "column": null }
      },
      "5": {
        "start": { "line": 19, "column": 26 },
        "end": { "line": 19, "column": 50 }
      },
      "6": {
        "start": { "line": 22, "column": 4 },
        "end": { "line": 22, "column": 70 }
      },
      "7": {
        "start": { "line": 23, "column": 25 },
        "end": { "line": 28, "column": 3 }
      },
      "8": {
        "start": { "line": 24, "column": 4 },
        "end": { "line": 24, "column": 28 }
      },
      "9": {
        "start": { "line": 25, "column": 4 },
        "end": { "line": 27, "column": 5 }
      },
      "10": {
        "start": { "line": 26, "column": 6 },
        "end": { "line": 26, "column": 36 }
      },
      "11": {
        "start": { "line": 30, "column": 21 },
        "end": { "line": 35, "column": 3 }
      },
      "12": {
        "start": { "line": 31, "column": 4 },
        "end": { "line": 31, "column": 28 }
      },
      "13": {
        "start": { "line": 32, "column": 4 },
        "end": { "line": 34, "column": 5 }
      },
      "14": {
        "start": { "line": 33, "column": 6 },
        "end": { "line": 33, "column": 36 }
      },
      "15": {
        "start": { "line": 37, "column": 28 },
        "end": { "line": 106, "column": 3 }
      },
      "16": {
        "start": { "line": 38, "column": 24 },
        "end": { "line": 38, "column": 26 }
      },
      "17": {
        "start": { "line": 39, "column": 27 },
        "end": { "line": 39, "column": 28 }
      },
      "18": {
        "start": { "line": 40, "column": 20 },
        "end": { "line": 40, "column": 77 }
      },
      "19": {
        "start": { "line": 41, "column": 20 },
        "end": { "line": 41, "column": 72 }
      },
      "20": {
        "start": { "line": 43, "column": 4 },
        "end": { "line": 45, "column": 5 }
      },
      "21": {
        "start": { "line": 44, "column": 6 },
        "end": { "line": 44, "column": 60 }
      },
      "22": {
        "start": { "line": 47, "column": 4 },
        "end": { "line": 67, "column": 5 }
      },
      "23": {
        "start": { "line": 48, "column": 6 },
        "end": { "line": 58, "column": 8 }
      },
      "24": {
        "start": { "line": 54, "column": 25 },
        "end": { "line": 54, "column": 40 }
      },
      "25": {
        "start": { "line": 60, "column": 6 },
        "end": { "line": 66, "column": 7 }
      },
      "26": {
        "start": { "line": 61, "column": 8 },
        "end": { "line": 65, "column": 10 }
      },
      "27": {
        "start": { "line": 69, "column": 4 },
        "end": { "line": 81, "column": 5 }
      },
      "28": {
        "start": { "line": 69, "column": 17 },
        "end": { "line": 69, "column": 26 }
      },
      "29": {
        "start": { "line": 70, "column": 6 },
        "end": { "line": 80, "column": 8 }
      },
      "30": {
        "start": { "line": 76, "column": 25 },
        "end": { "line": 76, "column": 40 }
      },
      "31": {
        "start": { "line": 83, "column": 4 },
        "end": { "line": 103, "column": 5 }
      },
      "32": {
        "start": { "line": 84, "column": 6 },
        "end": { "line": 90, "column": 7 }
      },
      "33": {
        "start": { "line": 85, "column": 8 },
        "end": { "line": 89, "column": 10 }
      },
      "34": {
        "start": { "line": 92, "column": 6 },
        "end": { "line": 102, "column": 8 }
      },
      "35": {
        "start": { "line": 98, "column": 25 },
        "end": { "line": 98, "column": 49 }
      },
      "36": {
        "start": { "line": 105, "column": 4 },
        "end": { "line": 105, "column": 23 }
      },
      "37": {
        "start": { "line": 108, "column": 2 },
        "end": { "line": 129, "column": 4 }
      },
      "38": {
        "start": { "line": 118, "column": 28 },
        "end": { "line": 118, "column": 51 }
      },
      "39": {
        "start": { "line": 132, "column": 0 },
        "end": { "line": 132, "column": 26 }
      }
    },
    "fnMap": {
      "0": {
        "name": "(anonymous_1)",
        "decl": {
          "start": { "line": 13, "column": 46 },
          "end": { "line": 13, "column": 47 }
        },
        "loc": {
          "start": { "line": 17, "column": 5 },
          "end": { "line": 130, "column": 1 }
        }
      },
      "1": {
        "name": "(anonymous_2)",
        "decl": {
          "start": { "line": 19, "column": 4 },
          "end": { "line": 19, "column": 5 }
        },
        "loc": {
          "start": { "line": 19, "column": 26 },
          "end": { "line": 19, "column": 50 }
        }
      },
      "2": {
        "name": "(anonymous_3)",
        "decl": {
          "start": { "line": 23, "column": 25 },
          "end": { "line": 23, "column": 26 }
        },
        "loc": {
          "start": { "line": 23, "column": 72 },
          "end": { "line": 28, "column": 3 }
        }
      },
      "3": {
        "name": "(anonymous_4)",
        "decl": {
          "start": { "line": 30, "column": 21 },
          "end": { "line": 30, "column": 22 }
        },
        "loc": {
          "start": { "line": 30, "column": 68 },
          "end": { "line": 35, "column": 3 }
        }
      },
      "4": {
        "name": "(anonymous_5)",
        "decl": {
          "start": { "line": 37, "column": 28 },
          "end": { "line": 37, "column": 31 }
        },
        "loc": {
          "start": { "line": 37, "column": 33 },
          "end": { "line": 106, "column": 3 }
        }
      },
      "5": {
        "name": "(anonymous_6)",
        "decl": {
          "start": { "line": 54, "column": 19 },
          "end": { "line": 54, "column": 22 }
        },
        "loc": {
          "start": { "line": 54, "column": 25 },
          "end": { "line": 54, "column": 40 }
        }
      },
      "6": {
        "name": "(anonymous_7)",
        "decl": {
          "start": { "line": 76, "column": 19 },
          "end": { "line": 76, "column": 22 }
        },
        "loc": {
          "start": { "line": 76, "column": 25 },
          "end": { "line": 76, "column": 40 }
        }
      },
      "7": {
        "name": "(anonymous_8)",
        "decl": {
          "start": { "line": 98, "column": 19 },
          "end": { "line": 98, "column": 22 }
        },
        "loc": {
          "start": { "line": 98, "column": 25 },
          "end": { "line": 98, "column": 49 }
        }
      },
      "8": {
        "name": "(anonymous_9)",
        "decl": {
          "start": { "line": 118, "column": 17 },
          "end": { "line": 118, "column": 18 }
        },
        "loc": {
          "start": { "line": 118, "column": 28 },
          "end": { "line": 118, "column": 51 }
        }
      }
    },
    "branchMap": {
      "0": {
        "loc": {
          "start": { "line": 22, "column": 4 },
          "end": { "line": 22, "column": 70 }
        },
        "type": "cond-expr",
        "locations": [
          {
            "start": { "line": 22, "column": 34 },
            "end": { "line": 22, "column": 51 }
          },
          {
            "start": { "line": 22, "column": 54 },
            "end": { "line": 22, "column": 70 }
          }
        ]
      },
      "1": {
        "loc": {
          "start": { "line": 25, "column": 4 },
          "end": { "line": 27, "column": 5 }
        },
        "type": "if",
        "locations": [
          {
            "start": { "line": 25, "column": 4 },
            "end": { "line": 27, "column": 5 }
          }
        ]
      },
      "2": {
        "loc": {
          "start": { "line": 32, "column": 4 },
          "end": { "line": 34, "column": 5 }
        },
        "type": "if",
        "locations": [
          {
            "start": { "line": 32, "column": 4 },
            "end": { "line": 34, "column": 5 }
          }
        ]
      },
      "3": {
        "loc": {
          "start": { "line": 43, "column": 4 },
          "end": { "line": 45, "column": 5 }
        },
        "type": "if",
        "locations": [
          {
            "start": { "line": 43, "column": 4 },
            "end": { "line": 45, "column": 5 }
          }
        ]
      },
      "4": {
        "loc": {
          "start": { "line": 47, "column": 4 },
          "end": { "line": 67, "column": 5 }
        },
        "type": "if",
        "locations": [
          {
            "start": { "line": 47, "column": 4 },
            "end": { "line": 67, "column": 5 }
          }
        ]
      },
      "5": {
        "loc": {
          "start": { "line": 52, "column": 12 },
          "end": { "line": 52, "column": null }
        },
        "type": "cond-expr",
        "locations": [
          {
            "start": { "line": 52, "column": 32 },
            "end": { "line": 52, "column": 45 }
          },
          {
            "start": { "line": 52, "column": 48 },
            "end": { "line": 52, "column": null }
          }
        ]
      },
      "6": {
        "loc": {
          "start": { "line": 60, "column": 6 },
          "end": { "line": 66, "column": 7 }
        },
        "type": "if",
        "locations": [
          {
            "start": { "line": 60, "column": 6 },
            "end": { "line": 66, "column": 7 }
          }
        ]
      },
      "7": {
        "loc": {
          "start": { "line": 74, "column": 12 },
          "end": { "line": 74, "column": null }
        },
        "type": "cond-expr",
        "locations": [
          {
            "start": { "line": 74, "column": 32 },
            "end": { "line": 74, "column": 45 }
          },
          {
            "start": { "line": 74, "column": 48 },
            "end": { "line": 74, "column": null }
          }
        ]
      },
      "8": {
        "loc": {
          "start": { "line": 83, "column": 4 },
          "end": { "line": 103, "column": 5 }
        },
        "type": "if",
        "locations": [
          {
            "start": { "line": 83, "column": 4 },
            "end": { "line": 103, "column": 5 }
          }
        ]
      },
      "9": {
        "loc": {
          "start": { "line": 84, "column": 6 },
          "end": { "line": 90, "column": 7 }
        },
        "type": "if",
        "locations": [
          {
            "start": { "line": 84, "column": 6 },
            "end": { "line": 90, "column": 7 }
          }
        ]
      },
      "10": {
        "loc": {
          "start": { "line": 96, "column": 12 },
          "end": { "line": 96, "column": null }
        },
        "type": "cond-expr",
        "locations": [
          {
            "start": { "line": 96, "column": 41 },
            "end": { "line": 96, "column": 54 }
          },
          {
            "start": { "line": 96, "column": 57 },
            "end": { "line": 96, "column": null }
          }
        ]
      }
    },
    "s": {
      "0": 1,
      "1": 1,
      "2": 1,
      "3": 1,
      "4": 8,
      "5": 16,
      "6": 8,
      "7": 8,
      "8": 1,
      "9": 1,
      "10": 1,
      "11": 8,
      "12": 1,
      "13": 1,
      "14": 1,
      "15": 8,
      "16": 8,
      "17": 8,
      "18": 8,
      "19": 8,
      "20": 8,
      "21": 1,
      "22": 8,
      "23": 5,
      "24": 0,
      "25": 5,
      "26": 5,
      "27": 8,
      "28": 8,
      "29": 40,
      "30": 1,
      "31": 8,
      "32": 7,
      "33": 7,
      "34": 7,
      "35": 0,
      "36": 8,
      "37": 8,
      "38": 1,
      "39": 1
    },
    "f": {
      "0": 8,
      "1": 16,
      "2": 1,
      "3": 1,
      "4": 8,
      "5": 0,
      "6": 1,
      "7": 0,
      "8": 1
    },
    "b": {
      "0": [8, 0],
      "1": [1],
      "2": [1],
      "3": [1],
      "4": [5],
      "5": [0, 5],
      "6": [5],
      "7": [8, 32],
      "8": [7],
      "9": [7],
      "10": [0, 7]
    }
  },
  "C:\\Users\\Яна\\Desktop\\rs-prod\\React-2024Q3\\react-project\\src\\pages\\main-page\\main-page.tsx": {
    "path": "C:\\Users\\Яна\\Desktop\\rs-prod\\React-2024Q3\\react-project\\src\\pages\\main-page\\main-page.tsx",
    "statementMap": {
      "0": {
        "start": { "line": 1, "column": 0 },
        "end": { "line": 1, "column": 69 }
      },
      "1": {
        "start": { "line": 2, "column": 0 },
        "end": { "line": 2, "column": 75 }
      },
      "2": {
        "start": { "line": 3, "column": 0 },
        "end": { "line": 3, "column": 52 }
      },
      "3": {
        "start": { "line": 5, "column": 2 },
        "end": { "line": 13, "column": 4 }
      },
      "4": {
        "start": { "line": 16, "column": 0 },
        "end": { "line": 16, "column": 24 }
      }
    },
    "fnMap": {
      "0": {
        "name": "MainPage",
        "decl": {
          "start": { "line": 4, "column": 9 },
          "end": { "line": 4, "column": 17 }
        },
        "loc": {
          "start": { "line": 4, "column": 17 },
          "end": { "line": 14, "column": 1 }
        }
      }
    },
    "branchMap": {},
    "s": { "0": 1, "1": 1, "2": 1, "3": 1, "4": 1 },
    "f": { "0": 1 },
    "b": {}
  },
  "C:\\Users\\Яна\\Desktop\\rs-prod\\React-2024Q3\\react-project\\src\\pages\\not-found-page\\not-found-page.tsx": {
    "path": "C:\\Users\\Яна\\Desktop\\rs-prod\\React-2024Q3\\react-project\\src\\pages\\not-found-page\\not-found-page.tsx",
    "statementMap": {
      "0": {
        "start": { "line": 1, "column": 0 },
        "end": { "line": 1, "column": 55 }
      },
      "1": {
        "start": { "line": 3, "column": 0 },
        "end": { "line": 3, "column": 60 }
      },
      "2": {
        "start": { "line": 4, "column": 0 },
        "end": { "line": 4, "column": 42 }
      },
      "3": {
        "start": { "line": 5, "column": 0 },
        "end": { "line": 5, "column": 44 }
      },
      "4": {
        "start": { "line": 8, "column": 23 },
        "end": { "line": 9, "column": null }
      },
      "5": {
        "start": { "line": 9, "column": 26 },
        "end": { "line": 9, "column": 50 }
      },
      "6": {
        "start": { "line": 12, "column": 4 },
        "end": { "line": 12, "column": 70 }
      },
      "7": {
        "start": { "line": 13, "column": 2 },
        "end": { "line": 33, "column": 4 }
      },
      "8": {
        "start": { "line": 36, "column": 0 },
        "end": { "line": 36, "column": 28 }
      }
    },
    "fnMap": {
      "0": {
        "name": "NotFoundPage",
        "decl": {
          "start": { "line": 7, "column": 9 },
          "end": { "line": 7, "column": 21 }
        },
        "loc": {
          "start": { "line": 7, "column": 21 },
          "end": { "line": 34, "column": 1 }
        }
      },
      "1": {
        "name": "(anonymous_2)",
        "decl": {
          "start": { "line": 9, "column": 4 },
          "end": { "line": 9, "column": 5 }
        },
        "loc": {
          "start": { "line": 9, "column": 26 },
          "end": { "line": 9, "column": 50 }
        }
      }
    },
    "branchMap": {
      "0": {
        "loc": {
          "start": { "line": 12, "column": 4 },
          "end": { "line": 12, "column": 70 }
        },
        "type": "cond-expr",
        "locations": [
          {
            "start": { "line": 12, "column": 34 },
            "end": { "line": 12, "column": 51 }
          },
          {
            "start": { "line": 12, "column": 54 },
            "end": { "line": 12, "column": 70 }
          }
        ]
      }
    },
    "s": {
      "0": 1,
      "1": 1,
      "2": 1,
      "3": 1,
      "4": 2,
      "5": 4,
      "6": 2,
      "7": 2,
      "8": 1
    },
    "f": { "0": 2, "1": 4 },
    "b": { "0": [1, 1] }
  },
  "C:\\Users\\Яна\\Desktop\\rs-prod\\React-2024Q3\\react-project\\src\\redux\\api-slices\\api-get-search-slice.ts": {
    "path": "C:\\Users\\Яна\\Desktop\\rs-prod\\React-2024Q3\\react-project\\src\\redux\\api-slices\\api-get-search-slice.ts",
    "statementMap": {
      "0": {
        "start": { "line": 1, "column": 0 },
        "end": { "line": 1, "column": 73 }
      },
      "1": {
        "start": { "line": 3, "column": 0 },
        "end": { "line": 3, "column": 54 }
      },
      "2": {
        "start": { "line": 5, "column": 13 },
        "end": { "line": 22, "column": 3 }
      },
      "3": {
        "start": { "line": 8, "column": 27 },
        "end": { "line": 21, "column": 4 }
      },
      "4": {
        "start": { "line": 11, "column": 23 },
        "end": { "line": 14, "column": 21 }
      },
      "5": {
        "start": { "line": 15, "column": 8 },
        "end": { "line": 15, "column": 53 }
      },
      "6": {
        "start": { "line": 18, "column": 8 },
        "end": { "line": 18, "column": 39 }
      },
      "7": {
        "start": { "line": 24, "column": 15 },
        "end": { "line": 24, "column": 54 }
      }
    },
    "fnMap": {
      "0": {
        "name": "(anonymous_0)",
        "decl": {
          "start": { "line": 8, "column": 13 },
          "end": { "line": 8, "column": 14 }
        },
        "loc": {
          "start": { "line": 8, "column": 27 },
          "end": { "line": 21, "column": 4 }
        }
      },
      "1": {
        "name": "(anonymous_1)",
        "decl": {
          "start": { "line": 10, "column": 13 },
          "end": { "line": 10, "column": 14 }
        },
        "loc": {
          "start": { "line": 10, "column": 36 },
          "end": { "line": 16, "column": 7 }
        }
      },
      "2": {
        "name": "(anonymous_2)",
        "decl": {
          "start": { "line": 17, "column": 25 },
          "end": { "line": 17, "column": 26 }
        },
        "loc": {
          "start": { "line": 17, "column": 64 },
          "end": { "line": 19, "column": 7 }
        }
      }
    },
    "branchMap": {},
    "s": { "0": 1, "1": 1, "2": 1, "3": 1, "4": 1, "5": 1, "6": 1, "7": 1 },
    "f": { "0": 1, "1": 1, "2": 1 },
    "b": {}
  },
  "C:\\Users\\Яна\\Desktop\\rs-prod\\React-2024Q3\\react-project\\src\\redux\\api-slices\\api-get-slices.ts": {
    "path": "C:\\Users\\Яна\\Desktop\\rs-prod\\React-2024Q3\\react-project\\src\\redux\\api-slices\\api-get-slices.ts",
    "statementMap": {
      "0": {
        "start": { "line": 1, "column": 0 },
        "end": { "line": 1, "column": 73 }
      },
      "1": {
        "start": { "line": 3, "column": 0 },
        "end": { "line": 3, "column": 47 }
      },
      "2": {
        "start": { "line": 5, "column": 13 },
        "end": { "line": 15, "column": 3 }
      },
      "3": {
        "start": { "line": 8, "column": 27 },
        "end": { "line": 14, "column": 4 }
      },
      "4": {
        "start": { "line": 10, "column": 22 },
        "end": { "line": 10, "column": 35 }
      },
      "5": {
        "start": { "line": 12, "column": 8 },
        "end": { "line": 12, "column": 33 }
      },
      "6": {
        "start": { "line": 17, "column": 15 },
        "end": { "line": 17, "column": 53 }
      }
    },
    "fnMap": {
      "0": {
        "name": "(anonymous_0)",
        "decl": {
          "start": { "line": 8, "column": 13 },
          "end": { "line": 8, "column": 14 }
        },
        "loc": {
          "start": { "line": 8, "column": 27 },
          "end": { "line": 14, "column": 4 }
        }
      },
      "1": {
        "name": "(anonymous_1)",
        "decl": {
          "start": { "line": 10, "column": 13 },
          "end": { "line": 10, "column": 14 }
        },
        "loc": {
          "start": { "line": 10, "column": 22 },
          "end": { "line": 10, "column": 35 }
        }
      },
      "2": {
        "name": "(anonymous_2)",
        "decl": {
          "start": { "line": 11, "column": 25 },
          "end": { "line": 11, "column": 26 }
        },
        "loc": {
          "start": { "line": 12, "column": 8 },
          "end": { "line": 12, "column": 33 }
        }
      }
    },
    "branchMap": {},
    "s": { "0": 1, "1": 1, "2": 1, "3": 1, "4": 1, "5": 1, "6": 1 },
    "f": { "0": 1, "1": 1, "2": 1 },
    "b": {}
  },
  "C:\\Users\\Яна\\Desktop\\rs-prod\\React-2024Q3\\react-project\\src\\redux\\api-slices\\api-post-slice.ts": {
    "path": "C:\\Users\\Яна\\Desktop\\rs-prod\\React-2024Q3\\react-project\\src\\redux\\api-slices\\api-post-slice.ts",
    "statementMap": {
      "0": {
        "start": { "line": 1, "column": 0 },
        "end": { "line": 1, "column": 73 }
      },
      "1": {
        "start": { "line": 3, "column": 0 },
        "end": { "line": 3, "column": 54 }
      },
      "2": {
        "start": { "line": 5, "column": 13 },
        "end": { "line": 24, "column": 3 }
      },
      "3": {
        "start": { "line": 8, "column": 27 },
        "end": { "line": 23, "column": 4 }
      },
      "4": {
        "start": { "line": 13, "column": 51 },
        "end": { "line": 18, "column": 8 }
      },
      "5": {
        "start": { "line": 20, "column": 8 },
        "end": { "line": 20, "column": 39 }
      },
      "6": {
        "start": { "line": 26, "column": 15 },
        "end": { "line": 26, "column": 56 }
      }
    },
    "fnMap": {
      "0": {
        "name": "(anonymous_0)",
        "decl": {
          "start": { "line": 8, "column": 13 },
          "end": { "line": 8, "column": 14 }
        },
        "loc": {
          "start": { "line": 8, "column": 27 },
          "end": { "line": 23, "column": 4 }
        }
      },
      "1": {
        "name": "(anonymous_1)",
        "decl": {
          "start": { "line": 13, "column": 13 },
          "end": { "line": 13, "column": 14 }
        },
        "loc": {
          "start": { "line": 13, "column": 51 },
          "end": { "line": 18, "column": 8 }
        }
      },
      "2": {
        "name": "(anonymous_2)",
        "decl": {
          "start": { "line": 19, "column": 25 },
          "end": { "line": 19, "column": 26 }
        },
        "loc": {
          "start": { "line": 19, "column": 64 },
          "end": { "line": 21, "column": 7 }
        }
      }
    },
    "branchMap": {},
    "s": { "0": 1, "1": 1, "2": 1, "3": 1, "4": 1, "5": 1, "6": 1 },
    "f": { "0": 1, "1": 1, "2": 1 },
    "b": {}
  },
  "C:\\Users\\Яна\\Desktop\\rs-prod\\React-2024Q3\\react-project\\src\\redux\\slices\\checked-item-slice.ts": {
    "path": "C:\\Users\\Яна\\Desktop\\rs-prod\\React-2024Q3\\react-project\\src\\redux\\slices\\checked-item-slice.ts",
    "statementMap": {
      "0": {
        "start": { "line": 1, "column": 0 },
        "end": { "line": 1, "column": 62 }
      },
      "1": {
        "start": { "line": 3, "column": 0 },
        "end": { "line": 3, "column": 42 }
      },
      "2": {
        "start": { "line": 14, "column": 39 },
        "end": { "line": 16, "column": 2 }
      },
      "3": {
        "start": { "line": 18, "column": 25 },
        "end": { "line": 38, "column": 2 }
      },
      "4": {
        "start": { "line": 23, "column": 17 },
        "end": { "line": 23, "column": 45 }
      },
      "5": {
        "start": { "line": 24, "column": 6 },
        "end": { "line": 32, "column": 7 }
      },
      "6": {
        "start": { "line": 25, "column": 8 },
        "end": { "line": 29, "column": 9 }
      },
      "7": {
        "start": { "line": 26, "column": 10 },
        "end": { "line": 26, "column": 39 }
      },
      "8": {
        "start": { "line": 28, "column": 10 },
        "end": { "line": 28, "column": 47 }
      },
      "9": {
        "start": { "line": 31, "column": 8 },
        "end": { "line": 31, "column": 79 }
      },
      "10": {
        "start": { "line": 35, "column": 6 },
        "end": { "line": 35, "column": 29 }
      },
      "11": {
        "start": { "line": 40, "column": 13 },
        "end": { "line": 40, "column": 47 }
      },
      "12": {
        "start": { "line": 41, "column": 0 },
        "end": { "line": 41, "column": 40 }
      },
      "13": {
        "start": { "line": 43, "column": 31 },
        "end": { "line": 44, "column": 15 }
      },
      "14": {
        "start": { "line": 44, "column": 2 },
        "end": { "line": 44, "column": 15 }
      },
      "15": {
        "start": { "line": 46, "column": 13 },
        "end": { "line": 61, "column": 2 }
      },
      "16": {
        "start": { "line": 49, "column": 18 },
        "end": { "line": 49, "column": 46 }
      },
      "17": {
        "start": { "line": 50, "column": 26 },
        "end": { "line": 57, "column": null }
      },
      "18": {
        "start": { "line": 52, "column": 8 },
        "end": { "line": 54, "column": 9 }
      },
      "19": {
        "start": { "line": 53, "column": 10 },
        "end": { "line": 53, "column": 35 }
      },
      "20": {
        "start": { "line": 55, "column": 8 },
        "end": { "line": 55, "column": 22 }
      },
      "21": {
        "start": { "line": 59, "column": 4 },
        "end": { "line": 59, "column": 25 }
      },
      "22": {
        "start": { "line": 63, "column": 13 },
        "end": { "line": 67, "column": 2 }
      },
      "23": {
        "start": { "line": 66, "column": 4 },
        "end": { "line": 66, "column": 72 }
      },
      "24": {
        "start": { "line": 66, "column": 46 },
        "end": { "line": 66, "column": 71 }
      },
      "25": {
        "start": { "line": 69, "column": 13 },
        "end": { "line": 72, "column": 2 }
      },
      "26": {
        "start": { "line": 71, "column": 20 },
        "end": { "line": 71, "column": 47 }
      },
      "27": {
        "start": { "line": 74, "column": 37 },
        "end": { "line": 77, "column": null }
      },
      "28": {
        "start": { "line": 75, "column": 2 },
        "end": { "line": 77, "column": null }
      },
      "29": {
        "start": { "line": 77, "column": 22 },
        "end": { "line": 77, "column": 57 }
      },
      "30": {
        "start": { "line": 74, "column": 13 },
        "end": { "line": 74, "column": 37 }
      }
    },
    "fnMap": {
      "0": {
        "name": "(anonymous_0)",
        "decl": {
          "start": { "line": 22, "column": 4 },
          "end": { "line": 22, "column": 18 }
        },
        "loc": {
          "start": { "line": 22, "column": 74 },
          "end": { "line": 33, "column": 5 }
        }
      },
      "1": {
        "name": "(anonymous_1)",
        "decl": {
          "start": { "line": 34, "column": 4 },
          "end": { "line": 34, "column": 15 }
        },
        "loc": {
          "start": { "line": 34, "column": 21 },
          "end": { "line": 36, "column": 5 }
        }
      },
      "2": {
        "name": "(anonymous_2)",
        "decl": {
          "start": { "line": 43, "column": 31 },
          "end": { "line": 43, "column": 32 }
        },
        "loc": {
          "start": { "line": 44, "column": 2 },
          "end": { "line": 44, "column": 15 }
        }
      },
      "3": {
        "name": "(anonymous_3)",
        "decl": {
          "start": { "line": 48, "column": 2 },
          "end": { "line": 48, "column": 3 }
        },
        "loc": {
          "start": { "line": 48, "column": 23 },
          "end": { "line": 60, "column": 3 }
        }
      },
      "4": {
        "name": "(anonymous_4)",
        "decl": {
          "start": { "line": 51, "column": 6 },
          "end": { "line": 51, "column": 7 }
        },
        "loc": {
          "start": { "line": 51, "column": 22 },
          "end": { "line": 56, "column": 7 }
        }
      },
      "5": {
        "name": "(anonymous_5)",
        "decl": {
          "start": { "line": 65, "column": 2 },
          "end": { "line": 65, "column": 3 }
        },
        "loc": {
          "start": { "line": 66, "column": 4 },
          "end": { "line": 66, "column": 72 }
        }
      },
      "6": {
        "name": "(anonymous_6)",
        "decl": {
          "start": { "line": 66, "column": 37 },
          "end": { "line": 66, "column": 38 }
        },
        "loc": {
          "start": { "line": 66, "column": 46 },
          "end": { "line": 66, "column": 71 }
        }
      },
      "7": {
        "name": "(anonymous_7)",
        "decl": {
          "start": { "line": 71, "column": 2 },
          "end": { "line": 71, "column": 3 }
        },
        "loc": {
          "start": { "line": 71, "column": 20 },
          "end": { "line": 71, "column": 47 }
        }
      },
      "8": {
        "name": "(anonymous_8)",
        "decl": {
          "start": { "line": 74, "column": 37 },
          "end": { "line": 74, "column": 38 }
        },
        "loc": {
          "start": { "line": 75, "column": 2 },
          "end": { "line": 77, "column": null }
        }
      },
      "9": {
        "name": "(anonymous_9)",
        "decl": {
          "start": { "line": 77, "column": 4 },
          "end": { "line": 77, "column": 5 }
        },
        "loc": {
          "start": { "line": 77, "column": 22 },
          "end": { "line": 77, "column": 57 }
        }
      }
    },
    "branchMap": {
      "0": {
        "loc": {
          "start": { "line": 24, "column": 6 },
          "end": { "line": 32, "column": 7 }
        },
        "type": "if",
        "locations": [
          {
            "start": { "line": 24, "column": 6 },
            "end": { "line": 32, "column": 7 }
          },
          {
            "start": { "line": 30, "column": 13 },
            "end": { "line": 32, "column": 7 }
          }
        ]
      },
      "1": {
        "loc": {
          "start": { "line": 25, "column": 8 },
          "end": { "line": 29, "column": 9 }
        },
        "type": "if",
        "locations": [
          {
            "start": { "line": 25, "column": 8 },
            "end": { "line": 29, "column": 9 }
          },
          {
            "start": { "line": 27, "column": 15 },
            "end": { "line": 29, "column": 9 }
          }
        ]
      },
      "2": {
        "loc": {
          "start": { "line": 52, "column": 8 },
          "end": { "line": 54, "column": 9 }
        },
        "type": "if",
        "locations": [
          {
            "start": { "line": 52, "column": 8 },
            "end": { "line": 54, "column": 9 }
          }
        ]
      },
      "3": {
        "loc": {
          "start": { "line": 77, "column": 22 },
          "end": { "line": 77, "column": 57 }
        },
        "type": "binary-expr",
        "locations": [
          {
            "start": { "line": 77, "column": 22 },
            "end": { "line": 77, "column": 48 }
          },
          {
            "start": { "line": 77, "column": 52 },
            "end": { "line": 77, "column": 57 }
          }
        ]
      }
    },
    "s": {
      "0": 2,
      "1": 2,
      "2": 2,
      "3": 2,
      "4": 5,
      "5": 5,
      "6": 1,
      "7": 1,
      "8": 0,
      "9": 4,
      "10": 1,
      "11": 2,
      "12": 2,
      "13": 2,
      "14": 4,
      "15": 2,
      "16": 2,
      "17": 2,
      "18": 1,
      "19": 1,
      "20": 1,
      "21": 2,
      "22": 2,
      "23": 0,
      "24": 0,
      "25": 2,
      "26": 0,
      "27": 2,
      "28": 6,
      "29": 6,
      "30": 2
    },
    "f": {
      "0": 5,
      "1": 1,
      "2": 4,
      "3": 2,
      "4": 1,
      "5": 0,
      "6": 0,
      "7": 0,
      "8": 6,
      "9": 6
    },
    "b": { "0": [1, 4], "1": [1, 0], "2": [1], "3": [6, 4] }
  },
  "C:\\Users\\Яна\\Desktop\\rs-prod\\React-2024Q3\\react-project\\src\\redux\\slices\\description-slice.ts": {
    "path": "C:\\Users\\Яна\\Desktop\\rs-prod\\React-2024Q3\\react-project\\src\\redux\\slices\\description-slice.ts",
    "statementMap": {
      "0": {
        "start": { "line": 1, "column": 0 },
        "end": { "line": 1, "column": 62 }
      },
      "1": {
        "start": { "line": 9, "column": 38 },
        "end": { "line": 13, "column": 2 }
      },
      "2": {
        "start": { "line": 15, "column": 25 },
        "end": { "line": 30, "column": 2 }
      },
      "3": {
        "start": { "line": 20, "column": 6 },
        "end": { "line": 20, "column": 35 }
      },
      "4": {
        "start": { "line": 21, "column": 6 },
        "end": { "line": 21, "column": 39 }
      },
      "5": {
        "start": { "line": 22, "column": 6 },
        "end": { "line": 22, "column": 75 }
      },
      "6": {
        "start": { "line": 25, "column": 6 },
        "end": { "line": 25, "column": 22 }
      },
      "7": {
        "start": { "line": 26, "column": 6 },
        "end": { "line": 26, "column": 24 }
      },
      "8": {
        "start": { "line": 27, "column": 6 },
        "end": { "line": 27, "column": 42 }
      },
      "9": {
        "start": { "line": 32, "column": 13 },
        "end": { "line": 32, "column": 54 }
      },
      "10": {
        "start": { "line": 34, "column": 0 },
        "end": { "line": 34, "column": 40 }
      }
    },
    "fnMap": {
      "0": {
        "name": "(anonymous_0)",
        "decl": {
          "start": { "line": 19, "column": 21 },
          "end": { "line": 19, "column": 22 }
        },
        "loc": {
          "start": { "line": 19, "column": 71 },
          "end": { "line": 23, "column": 5 }
        }
      },
      "1": {
        "name": "(anonymous_1)",
        "decl": {
          "start": { "line": 24, "column": 23 },
          "end": { "line": 24, "column": 24 }
        },
        "loc": {
          "start": { "line": 24, "column": 33 },
          "end": { "line": 28, "column": 5 }
        }
      }
    },
    "branchMap": {},
    "s": {
      "0": 1,
      "1": 1,
      "2": 1,
      "3": 1,
      "4": 1,
      "5": 1,
      "6": 1,
      "7": 1,
      "8": 1,
      "9": 1,
      "10": 1
    },
    "f": { "0": 1, "1": 1 },
    "b": {}
  },
  "C:\\Users\\Яна\\Desktop\\rs-prod\\React-2024Q3\\react-project\\src\\redux\\slices\\loading-slice.ts": {
    "path": "C:\\Users\\Яна\\Desktop\\rs-prod\\React-2024Q3\\react-project\\src\\redux\\slices\\loading-slice.ts",
    "statementMap": {
      "0": {
        "start": { "line": 1, "column": 0 },
        "end": { "line": 1, "column": 62 }
      },
      "1": {
        "start": { "line": 8, "column": 35 },
        "end": { "line": 11, "column": 2 }
      },
      "2": {
        "start": { "line": 13, "column": 21 },
        "end": { "line": 24, "column": 2 }
      },
      "3": {
        "start": { "line": 18, "column": 6 },
        "end": { "line": 18, "column": 43 }
      },
      "4": {
        "start": { "line": 21, "column": 6 },
        "end": { "line": 21, "column": 48 }
      },
      "5": {
        "start": { "line": 26, "column": 13 },
        "end": { "line": 26, "column": 59 }
      },
      "6": {
        "start": { "line": 28, "column": 0 },
        "end": { "line": 28, "column": 36 }
      }
    },
    "fnMap": {
      "0": {
        "name": "(anonymous_0)",
        "decl": {
          "start": { "line": 17, "column": 4 },
          "end": { "line": 17, "column": 20 }
        },
        "loc": {
          "start": { "line": 17, "column": 58 },
          "end": { "line": 19, "column": 5 }
        }
      },
      "1": {
        "name": "(anonymous_1)",
        "decl": {
          "start": { "line": 20, "column": 4 },
          "end": { "line": 20, "column": 25 }
        },
        "loc": {
          "start": { "line": 20, "column": 63 },
          "end": { "line": 22, "column": 5 }
        }
      }
    },
    "branchMap": {},
    "s": { "0": 1, "1": 1, "2": 1, "3": 2, "4": 2, "5": 1, "6": 1 },
    "f": { "0": 2, "1": 2 },
    "b": {}
  },
  "C:\\Users\\Яна\\Desktop\\rs-prod\\React-2024Q3\\react-project\\src\\redux\\slices\\search-slice.ts": {
    "path": "C:\\Users\\Яна\\Desktop\\rs-prod\\React-2024Q3\\react-project\\src\\redux\\slices\\search-slice.ts",
    "statementMap": {
      "0": {
        "start": { "line": 1, "column": 0 },
        "end": { "line": 1, "column": 47 }
      },
      "1": {
        "start": { "line": 2, "column": 0 },
        "end": { "line": 2, "column": 75 }
      },
      "2": {
        "start": { "line": 3, "column": 21 },
        "end": { "line": 5, "column": 2 }
      },
      "3": {
        "start": { "line": 7, "column": 25 },
        "end": { "line": 15, "column": 2 }
      },
      "4": {
        "start": { "line": 12, "column": 6 },
        "end": { "line": 12, "column": 41 }
      },
      "5": {
        "start": { "line": 17, "column": 15 },
        "end": { "line": 17, "column": 59 }
      },
      "6": {
        "start": { "line": 18, "column": 0 },
        "end": { "line": 18, "column": 40 }
      }
    },
    "fnMap": {
      "0": {
        "name": "(anonymous_0)",
        "decl": {
          "start": { "line": 11, "column": 20 },
          "end": { "line": 11, "column": 21 }
        },
        "loc": {
          "start": { "line": 11, "column": 38 },
          "end": { "line": 13, "column": 5 }
        }
      }
    },
    "branchMap": {},
    "s": { "0": 1, "1": 1, "2": 1, "3": 1, "4": 1, "5": 1, "6": 1 },
    "f": { "0": 1 },
    "b": {}
  },
  "C:\\Users\\Яна\\Desktop\\rs-prod\\React-2024Q3\\react-project\\src\\redux\\slices\\theme-slice.ts": {
    "path": "C:\\Users\\Яна\\Desktop\\rs-prod\\React-2024Q3\\react-project\\src\\redux\\slices\\theme-slice.ts",
    "statementMap": {
      "0": {
        "start": { "line": 1, "column": 0 },
        "end": { "line": 1, "column": 47 }
      },
      "1": {
        "start": { "line": 2, "column": 0 },
        "end": { "line": 2, "column": 62 }
      },
      "2": {
        "start": { "line": 3, "column": 0 },
        "end": { "line": 3, "column": null }
      },
      "3": {
        "start": { "line": 7, "column": 0 },
        "end": { "line": 7, "column": 42 }
      },
      "4": {
        "start": { "line": 10, "column": 33 },
        "end": { "line": 13, "column": 1 }
      },
      "5": {
        "start": { "line": 11, "column": 16 },
        "end": { "line": 11, "column": 40 }
      },
      "6": {
        "start": { "line": 12, "column": 2 },
        "end": { "line": 12, "column": 48 }
      },
      "7": {
        "start": { "line": 15, "column": 21 },
        "end": { "line": 17, "column": 2 }
      },
      "8": {
        "start": { "line": 19, "column": 19 },
        "end": { "line": 32, "column": 2 }
      },
      "9": {
        "start": { "line": 24, "column": 6 },
        "end": { "line": 24, "column": 38 }
      },
      "10": {
        "start": { "line": 25, "column": 6 },
        "end": { "line": 25, "column": 62 }
      },
      "11": {
        "start": { "line": 28, "column": 6 },
        "end": { "line": 28, "column": 37 }
      },
      "12": {
        "start": { "line": 29, "column": 6 },
        "end": { "line": 29, "column": 61 }
      },
      "13": {
        "start": { "line": 34, "column": 13 },
        "end": { "line": 34, "column": 47 }
      },
      "14": {
        "start": { "line": 35, "column": 0 },
        "end": { "line": 35, "column": 34 }
      },
      "15": {
        "start": { "line": 37, "column": 25 },
        "end": { "line": 37, "column": 58 }
      },
      "16": {
        "start": { "line": 37, "column": 47 },
        "end": { "line": 37, "column": 58 }
      },
      "17": {
        "start": { "line": 39, "column": 13 },
        "end": { "line": 42, "column": 2 }
      },
      "18": {
        "start": { "line": 41, "column": 18 },
        "end": { "line": 41, "column": 41 }
      }
    },
    "fnMap": {
      "0": {
        "name": "(anonymous_0)",
        "decl": {
          "start": { "line": 10, "column": 33 },
          "end": { "line": 10, "column": 34 }
        },
        "loc": {
          "start": { "line": 10, "column": 49 },
          "end": { "line": 13, "column": 1 }
        }
      },
      "1": {
        "name": "(anonymous_1)",
        "decl": {
          "start": { "line": 23, "column": 19 },
          "end": { "line": 23, "column": 20 }
        },
        "loc": {
          "start": { "line": 23, "column": 29 },
          "end": { "line": 26, "column": 5 }
        }
      },
      "2": {
        "name": "(anonymous_2)",
        "decl": {
          "start": { "line": 27, "column": 18 },
          "end": { "line": 27, "column": 19 }
        },
        "loc": {
          "start": { "line": 27, "column": 28 },
          "end": { "line": 30, "column": 5 }
        }
      },
      "3": {
        "name": "(anonymous_3)",
        "decl": {
          "start": { "line": 37, "column": 25 },
          "end": { "line": 37, "column": 26 }
        },
        "loc": {
          "start": { "line": 37, "column": 47 },
          "end": { "line": 37, "column": 58 }
        }
      },
      "4": {
        "name": "(anonymous_4)",
        "decl": {
          "start": { "line": 41, "column": 2 },
          "end": { "line": 41, "column": 3 }
        },
        "loc": {
          "start": { "line": 41, "column": 18 },
          "end": { "line": 41, "column": 41 }
        }
      }
    },
    "branchMap": {
      "0": {
        "loc": {
          "start": { "line": 12, "column": 9 },
          "end": { "line": 12, "column": 47 }
        },
        "type": "cond-expr",
        "locations": [
          {
            "start": { "line": 12, "column": 17 },
            "end": { "line": 12, "column": 34 }
          },
          {
            "start": { "line": 12, "column": 37 },
            "end": { "line": 12, "column": 47 }
          }
        ]
      }
    },
    "s": {
      "0": 8,
      "1": 8,
      "2": 8,
      "3": 8,
      "4": 8,
      "5": 8,
      "6": 8,
      "7": 8,
      "8": 8,
      "9": 1,
      "10": 1,
      "11": 1,
      "12": 1,
      "13": 8,
      "14": 8,
      "15": 8,
      "16": 3,
      "17": 8,
      "18": 2
    },
    "f": { "0": 8, "1": 1, "2": 1, "3": 3, "4": 2 },
    "b": { "0": [0, 8] }
  },
  "C:\\Users\\Яна\\Desktop\\rs-prod\\React-2024Q3\\react-project\\src\\redux\\toggle-theme\\theme-context.tsx": {
    "path": "C:\\Users\\Яна\\Desktop\\rs-prod\\React-2024Q3\\react-project\\src\\redux\\toggle-theme\\theme-context.tsx",
    "statementMap": {
      "0": {
        "start": { "line": 1, "column": 0 },
        "end": { "line": 1, "column": 38 }
      },
      "1": {
        "start": { "line": 2, "column": 0 },
        "end": { "line": 2, "column": 55 }
      },
      "2": {
        "start": { "line": 4, "column": 21 },
        "end": { "line": 4, "column": 66 }
      },
      "3": {
        "start": { "line": 6, "column": 0 },
        "end": { "line": 6, "column": 28 }
      }
    },
    "fnMap": {},
    "branchMap": {
      "0": {
        "loc": {
          "start": { "line": 4, "column": 42 },
          "end": { "line": 4, "column": 65 }
        },
        "type": "binary-expr",
        "locations": [
          {
            "start": { "line": 4, "column": 42 },
            "end": { "line": 4, "column": 52 }
          },
          {
            "start": { "line": 4, "column": 56 },
            "end": { "line": 4, "column": 65 }
          }
        ]
      }
    },
    "s": { "0": 2, "1": 2, "2": 2, "3": 2 },
    "f": {},
    "b": { "0": [2, 0] }
  },
  "C:\\Users\\Яна\\Desktop\\rs-prod\\React-2024Q3\\react-project\\src\\redux\\toggle-theme\\theme.ts": {
    "path": "C:\\Users\\Яна\\Desktop\\rs-prod\\React-2024Q3\\react-project\\src\\redux\\toggle-theme\\theme.ts",
    "statementMap": {
      "0": {
        "start": { "line": 1, "column": 13 },
        "end": { "line": 1, "column": 48 }
      },
      "1": {
        "start": { "line": 2, "column": 13 },
        "end": { "line": 2, "column": 46 }
      }
    },
    "fnMap": {},
    "branchMap": {},
    "s": { "0": 9, "1": 9 },
    "f": {},
    "b": {}
  },
  "C:\\Users\\Яна\\Desktop\\rs-prod\\React-2024Q3\\react-project\\src\\redux\\toggle-theme\\theme-provider\\theme-provider.tsx": {
    "path": "C:\\Users\\Яна\\Desktop\\rs-prod\\React-2024Q3\\react-project\\src\\redux\\toggle-theme\\theme-provider\\theme-provider.tsx",
    "statementMap": {
      "0": {
        "start": { "line": 2, "column": 0 },
        "end": { "line": 2, "column": 42 }
      },
      "1": {
        "start": { "line": 3, "column": 0 },
        "end": { "line": 3, "column": 44 }
      },
      "2": {
        "start": { "line": 4, "column": 0 },
        "end": { "line": 4, "column": 45 }
      },
      "3": {
        "start": { "line": 5, "column": 0 },
        "end": { "line": 5, "column": 62 }
      },
      "4": {
        "start": { "line": 6, "column": 0 },
        "end": { "line": 6, "column": 49 }
      },
      "5": {
        "start": { "line": 12, "column": 59 },
        "end": { "line": 23, "column": 1 }
      },
      "6": {
        "start": { "line": 13, "column": 23 },
        "end": { "line": 13, "column": 54 }
      },
      "7": {
        "start": { "line": 16, "column": 4 },
        "end": { "line": 16, "column": 63 }
      },
      "8": {
        "start": { "line": 18, "column": 2 },
        "end": { "line": 22, "column": 4 }
      },
      "9": {
        "start": { "line": 12, "column": 13 },
        "end": { "line": 12, "column": 59 }
      }
    },
    "fnMap": {
      "0": {
        "name": "(anonymous_1)",
        "decl": {
          "start": { "line": 12, "column": 59 },
          "end": { "line": 12, "column": 60 }
        },
        "loc": {
          "start": { "line": 12, "column": 76 },
          "end": { "line": 23, "column": 1 }
        }
      }
    },
    "branchMap": {
      "0": {
        "loc": {
          "start": { "line": 16, "column": 4 },
          "end": { "line": 16, "column": 63 }
        },
        "type": "cond-expr",
        "locations": [
          {
            "start": { "line": 16, "column": 27 },
            "end": { "line": 16, "column": 44 }
          },
          {
            "start": { "line": 16, "column": 47 },
            "end": { "line": 16, "column": 63 }
          }
        ]
      }
    },
    "s": {
      "0": 1,
      "1": 1,
      "2": 1,
      "3": 1,
      "4": 1,
      "5": 1,
      "6": 2,
      "7": 2,
      "8": 2,
      "9": 1
    },
    "f": { "0": 2 },
    "b": { "0": [1, 1] }
  },
  "C:\\Users\\Яна\\Desktop\\rs-prod\\React-2024Q3\\react-project\\src\\utils\\const\\const.ts": {
    "path": "C:\\Users\\Яна\\Desktop\\rs-prod\\React-2024Q3\\react-project\\src\\utils\\const\\const.ts",
    "statementMap": {
      "0": {
        "start": { "line": 1, "column": 13 },
        "end": { "line": 1, "column": 68 }
      },
      "1": {
        "start": { "line": 2, "column": 13 },
        "end": { "line": 3, "column": 57 }
      }
    },
    "fnMap": {},
    "branchMap": {},
    "s": { "0": 3, "1": 3 },
    "f": {},
    "b": {}
  },
  "C:\\Users\\Яна\\Desktop\\rs-prod\\React-2024Q3\\react-project\\src\\utils\\const\\mock-response.ts": {
    "path": "C:\\Users\\Яна\\Desktop\\rs-prod\\React-2024Q3\\react-project\\src\\utils\\const\\mock-response.ts",
    "statementMap": {
      "0": {
        "start": { "line": 2, "column": 13 },
        "end": { "line": 22, "column": 2 }
      },
      "1": {
        "start": { "line": 24, "column": 13 },
        "end": { "line": 28, "column": 2 }
      }
    },
    "fnMap": {},
    "branchMap": {},
    "s": { "0": 3, "1": 3 },
    "f": {},
    "b": {}
  },
  "C:\\Users\\Яна\\Desktop\\rs-prod\\React-2024Q3\\react-project\\src\\utils\\const\\render-with-redux.tsx": {
    "path": "C:\\Users\\Яна\\Desktop\\rs-prod\\React-2024Q3\\react-project\\src\\utils\\const\\render-with-redux.tsx",
    "statementMap": {
      "0": {
        "start": { "line": 1, "column": 0 },
        "end": { "line": 1, "column": 48 }
      },
      "1": {
        "start": { "line": 2, "column": 0 },
        "end": { "line": 2, "column": 39 }
      },
      "2": {
        "start": { "line": 3, "column": 0 },
        "end": { "line": 3, "column": 50 }
      },
      "3": {
        "start": { "line": 5, "column": 0 },
        "end": { "line": 5, "column": 56 }
      },
      "4": {
        "start": { "line": 11, "column": 31 },
        "end": { "line": 28, "column": 1 }
      },
      "5": {
        "start": { "line": 24, "column": 2 },
        "end": { "line": 27, "column": 4 }
      },
      "6": {
        "start": { "line": 11, "column": 13 },
        "end": { "line": 11, "column": 31 }
      }
    },
    "fnMap": {
      "0": {
        "name": "(anonymous_1)",
        "decl": {
          "start": { "line": 11, "column": 31 },
          "end": { "line": 11, "column": null }
        },
        "loc": {
          "start": { "line": 23, "column": 4 },
          "end": { "line": 28, "column": 1 }
        }
      }
    },
    "branchMap": {
      "0": {
        "loc": {
          "start": { "line": 13, "column": 2 },
          "end": { "line": 19, "column": null }
        },
        "type": "default-arg",
        "locations": [
          {
            "start": { "line": 19, "column": 6 },
            "end": { "line": 19, "column": null }
          }
        ]
      },
      "1": {
        "loc": {
          "start": { "line": 15, "column": 4 },
          "end": { "line": 18, "column": 6 }
        },
        "type": "default-arg",
        "locations": [
          {
            "start": { "line": 15, "column": 12 },
            "end": { "line": 18, "column": 6 }
          }
        ]
      }
    },
    "s": { "0": 5, "1": 5, "2": 5, "3": 5, "4": 5, "5": 21, "6": 5 },
    "f": { "0": 21 },
    "b": { "0": [0], "1": [19] }
  },
  "C:\\Users\\Яна\\Desktop\\rs-prod\\React-2024Q3\\react-project\\src\\utils\\hooks\\ls-hook.ts": {
    "path": "C:\\Users\\Яна\\Desktop\\rs-prod\\React-2024Q3\\react-project\\src\\utils\\hooks\\ls-hook.ts",
    "statementMap": {
      "0": {
        "start": { "line": 1, "column": 0 },
        "end": { "line": 1, "column": 52 }
      },
      "1": {
        "start": { "line": 2, "column": 0 },
        "end": { "line": 2, "column": null }
      },
      "2": {
        "start": { "line": 7, "column": 23 },
        "end": { "line": 28, "column": 1 }
      },
      "3": {
        "start": { "line": 8, "column": 40 },
        "end": { "line": 9, "column": null }
      },
      "4": {
        "start": { "line": 11, "column": 22 },
        "end": { "line": 11, "column": 34 }
      },
      "5": {
        "start": { "line": 13, "column": 2 },
        "end": { "line": 19, "column": 12 }
      },
      "6": {
        "start": { "line": 14, "column": 23 },
        "end": { "line": 14, "column": 47 }
      },
      "7": {
        "start": { "line": 15, "column": 4 },
        "end": { "line": 17, "column": 5 }
      },
      "8": {
        "start": { "line": 16, "column": 6 },
        "end": { "line": 16, "column": 33 }
      },
      "9": {
        "start": { "line": 18, "column": 4 },
        "end": { "line": 18, "column": 32 }
      },
      "10": {
        "start": { "line": 21, "column": 2 },
        "end": { "line": 25, "column": 25 }
      },
      "11": {
        "start": { "line": 22, "column": 4 },
        "end": { "line": 24, "column": 5 }
      },
      "12": {
        "start": { "line": 23, "column": 6 },
        "end": { "line": 23, "column": 43 }
      },
      "13": {
        "start": { "line": 27, "column": 2 },
        "end": { "line": 27, "column": 48 }
      },
      "14": {
        "start": { "line": 30, "column": 0 },
        "end": { "line": 30, "column": 30 }
      }
    },
    "fnMap": {
      "0": {
        "name": "(anonymous_0)",
        "decl": {
          "start": { "line": 7, "column": 23 },
          "end": { "line": 7, "column": 24 }
        },
        "loc": {
          "start": { "line": 7, "column": 39 },
          "end": { "line": 28, "column": 1 }
        }
      },
      "1": {
        "name": "(anonymous_1)",
        "decl": {
          "start": { "line": 13, "column": 12 },
          "end": { "line": 13, "column": 15 }
        },
        "loc": {
          "start": { "line": 13, "column": 17 },
          "end": { "line": 19, "column": 3 }
        }
      },
      "2": {
        "name": "(anonymous_2)",
        "decl": {
          "start": { "line": 21, "column": 12 },
          "end": { "line": 21, "column": 15 }
        },
        "loc": {
          "start": { "line": 21, "column": 17 },
          "end": { "line": 25, "column": 3 }
        }
      }
    },
    "branchMap": {
      "0": {
        "loc": {
          "start": { "line": 9, "column": 4 },
          "end": { "line": 9, "column": 34 }
        },
        "type": "binary-expr",
        "locations": [
          {
            "start": { "line": 9, "column": 4 },
            "end": { "line": 9, "column": 28 }
          },
          {
            "start": { "line": 9, "column": 32 },
            "end": { "line": 9, "column": 34 }
          }
        ]
      },
      "1": {
        "loc": {
          "start": { "line": 15, "column": 4 },
          "end": { "line": 17, "column": 5 }
        },
        "type": "if",
        "locations": [
          {
            "start": { "line": 15, "column": 4 },
            "end": { "line": 17, "column": 5 }
          }
        ]
      },
      "2": {
        "loc": {
          "start": { "line": 22, "column": 4 },
          "end": { "line": 24, "column": 5 }
        },
        "type": "if",
        "locations": [
          {
            "start": { "line": 22, "column": 4 },
            "end": { "line": 24, "column": 5 }
          }
        ]
      }
    },
    "s": {
      "0": 2,
      "1": 2,
      "2": 2,
      "3": 8,
      "4": 8,
      "5": 8,
      "6": 6,
      "7": 6,
      "8": 3,
      "9": 6,
      "10": 8,
      "11": 8,
      "12": 8,
      "13": 8,
      "14": 2
    },
    "f": { "0": 8, "1": 6, "2": 8 },
    "b": { "0": [8, 4], "1": [3], "2": [8] }
  },
  "C:\\Users\\Яна\\Desktop\\rs-prod\\React-2024Q3\\react-project\\src\\utils\\local-storage\\ls-handler.ts": {
    "path": "C:\\Users\\Яна\\Desktop\\rs-prod\\React-2024Q3\\react-project\\src\\utils\\local-storage\\ls-handler.ts",
    "statementMap": {
      "0": {
        "start": { "line": 1, "column": 0 },
        "end": { "line": 1, "column": 16 }
      },
      "1": {
        "start": { "line": 5, "column": 0 },
        "end": { "line": 5, "column": 16 }
      },
      "2": {
        "start": { "line": 2, "column": 2 },
        "end": { "line": 2, "column": 35 }
      },
      "3": {
        "start": { "line": 6, "column": 16 },
        "end": { "line": 6, "column": 41 }
      },
      "4": {
        "start": { "line": 7, "column": 2 },
        "end": { "line": 7, "column": 21 }
      }
    },
    "fnMap": {
      "0": {
        "name": "saveToLocalStorage",
        "decl": {
          "start": { "line": 1, "column": 16 },
          "end": { "line": 1, "column": 34 }
        },
        "loc": {
          "start": { "line": 1, "column": 61 },
          "end": { "line": 3, "column": 1 }
        }
      },
      "1": {
        "name": "getFromLocalStorage",
        "decl": {
          "start": { "line": 5, "column": 16 },
          "end": { "line": 5, "column": 35 }
        },
        "loc": {
          "start": { "line": 5, "column": 47 },
          "end": { "line": 8, "column": 1 }
        }
      }
    },
    "branchMap": {
      "0": {
        "loc": {
          "start": { "line": 7, "column": 9 },
          "end": { "line": 7, "column": 20 }
        },
        "type": "binary-expr",
        "locations": [
          {
            "start": { "line": 7, "column": 9 },
            "end": { "line": 7, "column": 14 }
          },
          {
            "start": { "line": 7, "column": 18 },
            "end": { "line": 7, "column": 20 }
          }
        ]
      }
    },
    "s": { "0": 7, "1": 7, "2": 5, "3": 17, "4": 17 },
    "f": { "0": 5, "1": 17 },
    "b": { "0": [17, 10] }
  }
}
