{
  "C:\\Users\\Яна\\Desktop\\rs-prod\\React-2024Q3\\react-project\\src\\app\\slices\\checked-item-slice.ts": {
    "path": "C:\\Users\\Яна\\Desktop\\rs-prod\\React-2024Q3\\react-project\\src\\app\\slices\\checked-item-slice.ts",
    "statementMap": {
      "0": {
        "start": { "line": 1, "column": 0 },
        "end": { "line": 1, "column": 62 }
      },
      "1": {
        "start": { "line": 7, "column": 27 },
        "end": { "line": 18, "column": 4 }
      },
      "2": {
        "start": { "line": 14, "column": 19 },
        "end": { "line": 14, "column": 36 }
      },
      "3": {
        "start": { "line": 15, "column": 8 },
        "end": { "line": 15, "column": 55 }
      },
      "4": {
        "start": { "line": 20, "column": 17 },
        "end": { "line": 20, "column": 61 }
      },
      "5": {
        "start": { "line": 21, "column": 2 },
        "end": { "line": 21, "column": 42 }
      }
    },
    "fnMap": {
      "0": {
        "name": "(anonymous_0)",
        "decl": {
          "start": { "line": 13, "column": 6 },
          "end": { "line": 13, "column": 20 }
        },
        "loc": {
          "start": { "line": 13, "column": 65 },
          "end": { "line": 16, "column": 7 }
        }
      }
    },
    "branchMap": {},
    "s": { "0": 1, "1": 1, "2": 0, "3": 0, "4": 1, "5": 1 },
    "f": { "0": 0 },
    "b": {}
  },
  "C:\\Users\\Яна\\Desktop\\rs-prod\\React-2024Q3\\react-project\\src\\app\\slices\\theme-slice.ts": {
    "path": "C:\\Users\\Яна\\Desktop\\rs-prod\\React-2024Q3\\react-project\\src\\app\\slices\\theme-slice.ts",
    "statementMap": {
      "0": {
        "start": { "line": 1, "column": 0 },
        "end": { "line": 1, "column": 47 }
      },
      "1": {
        "start": { "line": 2, "column": 0 },
        "end": { "line": 2, "column": 65 }
      },
      "2": {
        "start": { "line": 4, "column": 21 },
        "end": { "line": 6, "column": 2 }
      },
      "3": {
        "start": { "line": 8, "column": 19 },
        "end": { "line": 19, "column": 2 }
      },
      "4": {
        "start": { "line": 13, "column": 6 },
        "end": { "line": 13, "column": 38 }
      },
      "5": {
        "start": { "line": 16, "column": 6 },
        "end": { "line": 16, "column": 37 }
      },
      "6": {
        "start": { "line": 21, "column": 13 },
        "end": { "line": 21, "column": 47 }
      },
      "7": {
        "start": { "line": 23, "column": 0 },
        "end": { "line": 23, "column": 34 }
      }
    },
    "fnMap": {
      "0": {
        "name": "(anonymous_0)",
        "decl": {
          "start": { "line": 12, "column": 19 },
          "end": { "line": 12, "column": 20 }
        },
        "loc": {
          "start": { "line": 12, "column": 29 },
          "end": { "line": 14, "column": 5 }
        }
      },
      "1": {
        "name": "(anonymous_1)",
        "decl": {
          "start": { "line": 15, "column": 18 },
          "end": { "line": 15, "column": 19 }
        },
        "loc": {
          "start": { "line": 15, "column": 28 },
          "end": { "line": 17, "column": 5 }
        }
      }
    },
    "branchMap": {},
    "s": { "0": 3, "1": 3, "2": 3, "3": 3, "4": 0, "5": 0, "6": 3, "7": 3 },
    "f": { "0": 0, "1": 0 },
    "b": {}
  },
  "C:\\Users\\Яна\\Desktop\\rs-prod\\React-2024Q3\\react-project\\src\\components\\search-item\\search-item.tsx": {
    "path": "C:\\Users\\Яна\\Desktop\\rs-prod\\React-2024Q3\\react-project\\src\\components\\search-item\\search-item.tsx",
    "statementMap": {
      "0": {
        "start": { "line": 3, "column": 0 },
        "end": { "line": 3, "column": 57 }
      },
      "1": {
        "start": { "line": 5, "column": 0 },
        "end": { "line": 5, "column": 54 }
      },
      "2": {
        "start": { "line": 6, "column": 0 },
        "end": { "line": 6, "column": 55 }
      },
      "3": {
        "start": { "line": 7, "column": 0 },
        "end": { "line": 7, "column": 69 }
      },
      "4": {
        "start": { "line": 8, "column": 0 },
        "end": { "line": 8, "column": 46 }
      },
      "5": {
        "start": { "line": 14, "column": 46 },
        "end": { "line": 56, "column": 1 }
      },
      "6": {
        "start": { "line": 15, "column": 25 },
        "end": { "line": 15, "column": 42 }
      },
      "7": {
        "start": { "line": 16, "column": 19 },
        "end": { "line": 16, "column": 32 }
      },
      "8": {
        "start": { "line": 17, "column": 23 },
        "end": { "line": 18, "column": null }
      },
      "9": {
        "start": { "line": 18, "column": 26 },
        "end": { "line": 18, "column": 50 }
      },
      "10": {
        "start": { "line": 21, "column": 4 },
        "end": { "line": 21, "column": 70 }
      },
      "11": {
        "start": { "line": 23, "column": 22 },
        "end": { "line": 23, "column": 106 }
      },
      "12": {
        "start": { "line": 23, "column": 56 },
        "end": { "line": 23, "column": 105 }
      },
      "13": {
        "start": { "line": 25, "column": 31 },
        "end": { "line": 27, "column": 3 }
      },
      "14": {
        "start": { "line": 26, "column": 4 },
        "end": { "line": 26, "column": 52 }
      },
      "15": {
        "start": { "line": 29, "column": 2 },
        "end": { "line": 55, "column": 4 }
      },
      "16": {
        "start": { "line": 33, "column": 26 },
        "end": { "line": 33, "column": 49 }
      },
      "17": {
        "start": { "line": 58, "column": 0 },
        "end": { "line": 58, "column": 26 }
      }
    },
    "fnMap": {
      "0": {
        "name": "(anonymous_1)",
        "decl": {
          "start": { "line": 14, "column": 46 },
          "end": { "line": 14, "column": 47 }
        },
        "loc": {
          "start": { "line": 14, "column": 64 },
          "end": { "line": 56, "column": 1 }
        }
      },
      "1": {
        "name": "(anonymous_2)",
        "decl": {
          "start": { "line": 18, "column": 4 },
          "end": { "line": 18, "column": 5 }
        },
        "loc": {
          "start": { "line": 18, "column": 26 },
          "end": { "line": 18, "column": 50 }
        }
      },
      "2": {
        "name": "(anonymous_3)",
        "decl": {
          "start": { "line": 23, "column": 34 },
          "end": { "line": 23, "column": 35 }
        },
        "loc": {
          "start": { "line": 23, "column": 56 },
          "end": { "line": 23, "column": 105 }
        }
      },
      "3": {
        "name": "(anonymous_4)",
        "decl": {
          "start": { "line": 25, "column": 31 },
          "end": { "line": 25, "column": 34 }
        },
        "loc": {
          "start": { "line": 25, "column": 36 },
          "end": { "line": 27, "column": 3 }
        }
      },
      "4": {
        "name": "(anonymous_5)",
        "decl": {
          "start": { "line": 33, "column": 15 },
          "end": { "line": 33, "column": 16 }
        },
        "loc": {
          "start": { "line": 33, "column": 26 },
          "end": { "line": 33, "column": 49 }
        }
      }
    },
    "branchMap": {
      "0": {
        "loc": {
          "start": { "line": 21, "column": 4 },
          "end": { "line": 21, "column": 70 }
        },
        "type": "cond-expr",
        "locations": [
          {
            "start": { "line": 21, "column": 34 },
            "end": { "line": 21, "column": 51 }
          },
          {
            "start": { "line": 21, "column": 54 },
            "end": { "line": 21, "column": 70 }
          }
        ]
      },
      "1": {
        "loc": {
          "start": { "line": 23, "column": 56 },
          "end": { "line": 23, "column": 105 }
        },
        "type": "binary-expr",
        "locations": [
          {
            "start": { "line": 23, "column": 56 },
            "end": { "line": 23, "column": 96 }
          },
          {
            "start": { "line": 23, "column": 100 },
            "end": { "line": 23, "column": 105 }
          }
        ]
      },
      "2": {
        "loc": {
          "start": { "line": 45, "column": 10 },
          "end": { "line": 45, "column": null }
        },
        "type": "cond-expr",
        "locations": [
          {
            "start": { "line": 45, "column": 45 },
            "end": { "line": 45, "column": 47 }
          },
          {
            "start": { "line": 45, "column": 50 },
            "end": { "line": 45, "column": null }
          }
        ]
      }
    },
    "s": {
      "0": 1,
      "1": 1,
      "2": 1,
      "3": 1,
      "4": 1,
      "5": 1,
      "6": 8,
      "7": 8,
      "8": 0,
      "9": 0,
      "10": 0,
      "11": 0,
      "12": 0,
      "13": 0,
      "14": 0,
      "15": 0,
      "16": 0,
      "17": 1
    },
    "f": { "0": 8, "1": 0, "2": 0, "3": 0, "4": 0 },
    "b": { "0": [0, 0], "1": [0, 0], "2": [0, 0] }
  },
  "C:\\Users\\Яна\\Desktop\\rs-prod\\React-2024Q3\\react-project\\src\\components\\search-list\\search-list.tsx": {
    "path": "C:\\Users\\Яна\\Desktop\\rs-prod\\React-2024Q3\\react-project\\src\\components\\search-list\\search-list.tsx",
    "statementMap": {
      "0": {
        "start": { "line": 2, "column": 0 },
        "end": { "line": 2, "column": 52 }
      },
      "1": {
        "start": { "line": 4, "column": 0 },
        "end": { "line": 4, "column": 46 }
      },
      "2": {
        "start": { "line": 10, "column": 46 },
        "end": { "line": 19, "column": null }
      },
      "3": {
        "start": { "line": 11, "column": 2 },
        "end": { "line": 18, "column": null }
      },
      "4": {
        "start": { "line": 16, "column": 8 },
        "end": { "line": 16, "column": 40 }
      },
      "5": {
        "start": { "line": 22, "column": 0 },
        "end": { "line": 22, "column": 26 }
      }
    },
    "fnMap": {
      "0": {
        "name": "(anonymous_1)",
        "decl": {
          "start": { "line": 10, "column": 46 },
          "end": { "line": 10, "column": 47 }
        },
        "loc": {
          "start": { "line": 11, "column": 2 },
          "end": { "line": 18, "column": null }
        }
      },
      "1": {
        "name": "(anonymous_2)",
        "decl": {
          "start": { "line": 15, "column": 21 },
          "end": { "line": 15, "column": 22 }
        },
        "loc": {
          "start": { "line": 16, "column": 8 },
          "end": { "line": 16, "column": 40 }
        }
      }
    },
    "branchMap": {
      "0": {
        "loc": {
          "start": { "line": 12, "column": 5 },
          "end": { "line": 17, "column": null }
        },
        "type": "cond-expr",
        "locations": [
          {
            "start": { "line": 13, "column": 6 },
            "end": { "line": 13, "column": 26 }
          },
          {
            "start": { "line": 15, "column": 6 },
            "end": { "line": 17, "column": 8 }
          }
        ]
      }
    },
    "s": { "0": 1, "1": 1, "2": 1, "3": 3, "4": 4, "5": 1 },
    "f": { "0": 3, "1": 4 },
    "b": { "0": [1, 2] }
  },
  "C:\\Users\\Яна\\Desktop\\rs-prod\\React-2024Q3\\react-project\\src\\components\\ui\\button\\button.tsx": {
    "path": "C:\\Users\\Яна\\Desktop\\rs-prod\\React-2024Q3\\react-project\\src\\components\\ui\\button\\button.tsx",
    "statementMap": {
      "0": {
        "start": { "line": 2, "column": 0 },
        "end": { "line": 2, "column": 57 }
      },
      "1": {
        "start": { "line": 3, "column": 0 },
        "end": { "line": 3, "column": 42 }
      },
      "2": {
        "start": { "line": 4, "column": 0 },
        "end": { "line": 4, "column": 41 }
      },
      "3": {
        "start": { "line": 13, "column": 15 },
        "end": { "line": 43, "column": 1 }
      },
      "4": {
        "start": { "line": 20, "column": 22 },
        "end": { "line": 27, "column": 3 }
      },
      "5": {
        "start": { "line": 21, "column": 4 },
        "end": { "line": 23, "column": 5 }
      },
      "6": {
        "start": { "line": 22, "column": 6 },
        "end": { "line": 22, "column": 32 }
      },
      "7": {
        "start": { "line": 24, "column": 4 },
        "end": { "line": 26, "column": 5 }
      },
      "8": {
        "start": { "line": 25, "column": 6 },
        "end": { "line": 25, "column": 16 }
      },
      "9": {
        "start": { "line": 28, "column": 23 },
        "end": { "line": 29, "column": null }
      },
      "10": {
        "start": { "line": 29, "column": 26 },
        "end": { "line": 29, "column": 50 }
      },
      "11": {
        "start": { "line": 32, "column": 4 },
        "end": { "line": 32, "column": 70 }
      },
      "12": {
        "start": { "line": 33, "column": 2 },
        "end": { "line": 42, "column": 4 }
      },
      "13": {
        "start": { "line": 45, "column": 0 },
        "end": { "line": 45, "column": 22 }
      }
    },
    "fnMap": {
      "0": {
        "name": "(anonymous_1)",
        "decl": {
          "start": { "line": 13, "column": 15 },
          "end": { "line": 13, "column": 16 }
        },
        "loc": {
          "start": { "line": 19, "column": 18 },
          "end": { "line": 43, "column": 1 }
        }
      },
      "1": {
        "name": "(anonymous_2)",
        "decl": {
          "start": { "line": 20, "column": 22 },
          "end": { "line": 20, "column": 25 }
        },
        "loc": {
          "start": { "line": 20, "column": 27 },
          "end": { "line": 27, "column": 3 }
        }
      },
      "2": {
        "name": "(anonymous_3)",
        "decl": {
          "start": { "line": 29, "column": 4 },
          "end": { "line": 29, "column": 5 }
        },
        "loc": {
          "start": { "line": 29, "column": 26 },
          "end": { "line": 29, "column": 50 }
        }
      }
    },
    "branchMap": {
      "0": {
        "loc": {
          "start": { "line": 14, "column": 2 },
          "end": { "line": 14, "column": 20 }
        },
        "type": "default-arg",
        "locations": [
          {
            "start": { "line": 14, "column": 12 },
            "end": { "line": 14, "column": 20 }
          }
        ]
      },
      "1": {
        "loc": {
          "start": { "line": 21, "column": 4 },
          "end": { "line": 23, "column": 5 }
        },
        "type": "if",
        "locations": [
          {
            "start": { "line": 21, "column": 4 },
            "end": { "line": 23, "column": 5 }
          }
        ]
      },
      "2": {
        "loc": {
          "start": { "line": 24, "column": 4 },
          "end": { "line": 26, "column": 5 }
        },
        "type": "if",
        "locations": [
          {
            "start": { "line": 24, "column": 4 },
            "end": { "line": 26, "column": 5 }
          }
        ]
      },
      "3": {
        "loc": {
          "start": { "line": 32, "column": 4 },
          "end": { "line": 32, "column": 70 }
        },
        "type": "cond-expr",
        "locations": [
          {
            "start": { "line": 32, "column": 34 },
            "end": { "line": 32, "column": 51 }
          },
          {
            "start": { "line": 32, "column": 54 },
            "end": { "line": 32, "column": 70 }
          }
        ]
      },
      "4": {
        "loc": {
          "start": { "line": 36, "column": 12 },
          "end": { "line": 36, "column": 54 }
        },
        "type": "cond-expr",
        "locations": [
          {
            "start": { "line": 36, "column": 35 },
            "end": { "line": 36, "column": 43 }
          },
          {
            "start": { "line": 36, "column": 46 },
            "end": { "line": 36, "column": 54 }
          }
        ]
      }
    },
    "s": {
      "0": 2,
      "1": 2,
      "2": 2,
      "3": 2,
      "4": 2,
      "5": 0,
      "6": 0,
      "7": 0,
      "8": 0,
      "9": 2,
      "10": 4,
      "11": 2,
      "12": 2,
      "13": 2
    },
    "f": { "0": 2, "1": 0, "2": 4 },
    "b": { "0": [0], "1": [0], "2": [0], "3": [1, 1], "4": [2, 0] }
  },
  "C:\\Users\\Яна\\Desktop\\rs-prod\\React-2024Q3\\react-project\\src\\components\\ui\\loading\\loading.tsx": {
    "path": "C:\\Users\\Яна\\Desktop\\rs-prod\\React-2024Q3\\react-project\\src\\components\\ui\\loading\\loading.tsx",
    "statementMap": {
      "0": {
        "start": { "line": 3, "column": 0 },
        "end": { "line": 3, "column": 57 }
      },
      "1": {
        "start": { "line": 4, "column": 0 },
        "end": { "line": 4, "column": 42 }
      },
      "2": {
        "start": { "line": 5, "column": 0 },
        "end": { "line": 5, "column": 42 }
      },
      "3": {
        "start": { "line": 7, "column": 26 },
        "end": { "line": 18, "column": 1 }
      },
      "4": {
        "start": { "line": 8, "column": 23 },
        "end": { "line": 9, "column": null }
      },
      "5": {
        "start": { "line": 9, "column": 26 },
        "end": { "line": 9, "column": 50 }
      },
      "6": {
        "start": { "line": 12, "column": 4 },
        "end": { "line": 12, "column": 70 }
      },
      "7": {
        "start": { "line": 13, "column": 2 },
        "end": { "line": 17, "column": 4 }
      },
      "8": {
        "start": { "line": 20, "column": 0 },
        "end": { "line": 20, "column": 23 }
      }
    },
    "fnMap": {
      "0": {
        "name": "(anonymous_1)",
        "decl": {
          "start": { "line": 7, "column": 26 },
          "end": { "line": 7, "column": 29 }
        },
        "loc": {
          "start": { "line": 7, "column": 31 },
          "end": { "line": 18, "column": 1 }
        }
      },
      "1": {
        "name": "(anonymous_2)",
        "decl": {
          "start": { "line": 9, "column": 4 },
          "end": { "line": 9, "column": 5 }
        },
        "loc": {
          "start": { "line": 9, "column": 26 },
          "end": { "line": 9, "column": 50 }
        }
      }
    },
    "branchMap": {
      "0": {
        "loc": {
          "start": { "line": 12, "column": 4 },
          "end": { "line": 12, "column": 70 }
        },
        "type": "cond-expr",
        "locations": [
          {
            "start": { "line": 12, "column": 34 },
            "end": { "line": 12, "column": 51 }
          },
          {
            "start": { "line": 12, "column": 54 },
            "end": { "line": 12, "column": 70 }
          }
        ]
      }
    },
    "s": {
      "0": 1,
      "1": 1,
      "2": 1,
      "3": 1,
      "4": 1,
      "5": 2,
      "6": 1,
      "7": 1,
      "8": 1
    },
    "f": { "0": 1, "1": 2 },
    "b": { "0": [1, 0] }
  },
  "C:\\Users\\Яна\\Desktop\\rs-prod\\React-2024Q3\\react-project\\src\\pages\\not-found-page\\not-found-page.tsx": {
    "path": "C:\\Users\\Яна\\Desktop\\rs-prod\\React-2024Q3\\react-project\\src\\pages\\not-found-page\\not-found-page.tsx",
    "statementMap": {
      "0": {
        "start": { "line": 1, "column": 0 },
        "end": { "line": 1, "column": 55 }
      },
      "1": {
        "start": { "line": 3, "column": 0 },
        "end": { "line": 3, "column": 54 }
      },
      "2": {
        "start": { "line": 4, "column": 0 },
        "end": { "line": 4, "column": 42 }
      },
      "3": {
        "start": { "line": 5, "column": 0 },
        "end": { "line": 5, "column": 44 }
      },
      "4": {
        "start": { "line": 8, "column": 23 },
        "end": { "line": 9, "column": null }
      },
      "5": {
        "start": { "line": 9, "column": 26 },
        "end": { "line": 9, "column": 50 }
      },
      "6": {
        "start": { "line": 12, "column": 4 },
        "end": { "line": 12, "column": 70 }
      },
      "7": {
        "start": { "line": 13, "column": 2 },
        "end": { "line": 29, "column": 4 }
      },
      "8": {
        "start": { "line": 32, "column": 0 },
        "end": { "line": 32, "column": 28 }
      }
    },
    "fnMap": {
      "0": {
        "name": "NotFoundPage",
        "decl": {
          "start": { "line": 7, "column": 9 },
          "end": { "line": 7, "column": 21 }
        },
        "loc": {
          "start": { "line": 7, "column": 21 },
          "end": { "line": 30, "column": 1 }
        }
      },
      "1": {
        "name": "(anonymous_2)",
        "decl": {
          "start": { "line": 9, "column": 4 },
          "end": { "line": 9, "column": 5 }
        },
        "loc": {
          "start": { "line": 9, "column": 26 },
          "end": { "line": 9, "column": 50 }
        }
      }
    },
    "branchMap": {
      "0": {
        "loc": {
          "start": { "line": 12, "column": 4 },
          "end": { "line": 12, "column": 70 }
        },
        "type": "cond-expr",
        "locations": [
          {
            "start": { "line": 12, "column": 34 },
            "end": { "line": 12, "column": 51 }
          },
          {
            "start": { "line": 12, "column": 54 },
            "end": { "line": 12, "column": 70 }
          }
        ]
      }
    },
    "s": {
      "0": 1,
      "1": 1,
      "2": 1,
      "3": 1,
      "4": 1,
      "5": 2,
      "6": 1,
      "7": 1,
      "8": 1
    },
    "f": { "0": 1, "1": 2 },
    "b": { "0": [1, 0] }
  },
  "C:\\Users\\Яна\\Desktop\\rs-prod\\React-2024Q3\\react-project\\src\\toggle-theme\\theme.ts": {
    "path": "C:\\Users\\Яна\\Desktop\\rs-prod\\React-2024Q3\\react-project\\src\\toggle-theme\\theme.ts",
    "statementMap": {
      "0": {
        "start": { "line": 1, "column": 13 },
        "end": { "line": 4, "column": 2 }
      },
      "1": {
        "start": { "line": 6, "column": 13 },
        "end": { "line": 9, "column": 2 }
      }
    },
    "fnMap": {},
    "branchMap": {},
    "s": { "0": 4, "1": 4 },
    "f": {},
    "b": {}
  },
  "C:\\Users\\Яна\\Desktop\\rs-prod\\React-2024Q3\\react-project\\src\\utils\\const\\render-with-redux.tsx": {
    "path": "C:\\Users\\Яна\\Desktop\\rs-prod\\React-2024Q3\\react-project\\src\\utils\\const\\render-with-redux.tsx",
    "statementMap": {
      "0": {
        "start": { "line": 1, "column": 0 },
        "end": { "line": 1, "column": 48 }
      },
      "1": {
        "start": { "line": 2, "column": 0 },
        "end": { "line": 2, "column": 39 }
      },
      "2": {
        "start": { "line": 3, "column": 0 },
        "end": { "line": 3, "column": 50 }
      },
      "3": {
        "start": { "line": 5, "column": 0 },
        "end": { "line": 5, "column": 54 }
      },
      "4": {
        "start": { "line": 9, "column": 31 },
        "end": { "line": 26, "column": 1 }
      },
      "5": {
        "start": { "line": 22, "column": 2 },
        "end": { "line": 25, "column": 4 }
      },
      "6": {
        "start": { "line": 9, "column": 13 },
        "end": { "line": 9, "column": 31 }
      }
    },
    "fnMap": {
      "0": {
        "name": "(anonymous_1)",
        "decl": {
          "start": { "line": 9, "column": 31 },
          "end": { "line": 9, "column": null }
        },
        "loc": {
          "start": { "line": 21, "column": 4 },
          "end": { "line": 26, "column": 1 }
        }
      }
    },
    "branchMap": {
      "0": {
        "loc": {
          "start": { "line": 11, "column": 2 },
          "end": { "line": 17, "column": null }
        },
        "type": "default-arg",
        "locations": [
          {
            "start": { "line": 17, "column": 6 },
            "end": { "line": 17, "column": null }
          }
        ]
      },
      "1": {
        "loc": {
          "start": { "line": 13, "column": 4 },
          "end": { "line": 16, "column": 6 }
        },
        "type": "default-arg",
        "locations": [
          {
            "start": { "line": 13, "column": 12 },
            "end": { "line": 16, "column": 6 }
          }
        ]
      }
    },
    "s": { "0": 3, "1": 3, "2": 3, "3": 3, "4": 3, "5": 3, "6": 3 },
    "f": { "0": 3 },
    "b": { "0": [1], "1": [3] }
  },
  "C:\\Users\\Яна\\Desktop\\rs-prod\\React-2024Q3\\react-project\\src\\utils\\hooks\\ls-hook.ts": {
    "path": "C:\\Users\\Яна\\Desktop\\rs-prod\\React-2024Q3\\react-project\\src\\utils\\hooks\\ls-hook.ts",
    "statementMap": {
      "0": {
        "start": { "line": 1, "column": 0 },
        "end": { "line": 1, "column": 52 }
      },
      "1": {
        "start": { "line": 2, "column": 0 },
        "end": { "line": 2, "column": null }
      },
      "2": {
        "start": { "line": 7, "column": 23 },
        "end": { "line": 28, "column": 1 }
      },
      "3": {
        "start": { "line": 8, "column": 40 },
        "end": { "line": 9, "column": null }
      },
      "4": {
        "start": { "line": 11, "column": 22 },
        "end": { "line": 11, "column": 34 }
      },
      "5": {
        "start": { "line": 13, "column": 2 },
        "end": { "line": 19, "column": 12 }
      },
      "6": {
        "start": { "line": 14, "column": 23 },
        "end": { "line": 14, "column": 47 }
      },
      "7": {
        "start": { "line": 15, "column": 4 },
        "end": { "line": 17, "column": 5 }
      },
      "8": {
        "start": { "line": 16, "column": 6 },
        "end": { "line": 16, "column": 33 }
      },
      "9": {
        "start": { "line": 18, "column": 4 },
        "end": { "line": 18, "column": 32 }
      },
      "10": {
        "start": { "line": 21, "column": 2 },
        "end": { "line": 25, "column": 25 }
      },
      "11": {
        "start": { "line": 22, "column": 4 },
        "end": { "line": 24, "column": 5 }
      },
      "12": {
        "start": { "line": 23, "column": 6 },
        "end": { "line": 23, "column": 43 }
      },
      "13": {
        "start": { "line": 27, "column": 2 },
        "end": { "line": 27, "column": 48 }
      },
      "14": {
        "start": { "line": 30, "column": 0 },
        "end": { "line": 30, "column": 30 }
      }
    },
    "fnMap": {
      "0": {
        "name": "(anonymous_0)",
        "decl": {
          "start": { "line": 7, "column": 23 },
          "end": { "line": 7, "column": 24 }
        },
        "loc": {
          "start": { "line": 7, "column": 39 },
          "end": { "line": 28, "column": 1 }
        }
      },
      "1": {
        "name": "(anonymous_1)",
        "decl": {
          "start": { "line": 13, "column": 12 },
          "end": { "line": 13, "column": 15 }
        },
        "loc": {
          "start": { "line": 13, "column": 17 },
          "end": { "line": 19, "column": 3 }
        }
      },
      "2": {
        "name": "(anonymous_2)",
        "decl": {
          "start": { "line": 21, "column": 12 },
          "end": { "line": 21, "column": 15 }
        },
        "loc": {
          "start": { "line": 21, "column": 17 },
          "end": { "line": 25, "column": 3 }
        }
      }
    },
    "branchMap": {
      "0": {
        "loc": {
          "start": { "line": 9, "column": 4 },
          "end": { "line": 9, "column": 34 }
        },
        "type": "binary-expr",
        "locations": [
          {
            "start": { "line": 9, "column": 4 },
            "end": { "line": 9, "column": 28 }
          },
          {
            "start": { "line": 9, "column": 32 },
            "end": { "line": 9, "column": 34 }
          }
        ]
      },
      "1": {
        "loc": {
          "start": { "line": 15, "column": 4 },
          "end": { "line": 17, "column": 5 }
        },
        "type": "if",
        "locations": [
          {
            "start": { "line": 15, "column": 4 },
            "end": { "line": 17, "column": 5 }
          }
        ]
      },
      "2": {
        "loc": {
          "start": { "line": 22, "column": 4 },
          "end": { "line": 24, "column": 5 }
        },
        "type": "if",
        "locations": [
          {
            "start": { "line": 22, "column": 4 },
            "end": { "line": 24, "column": 5 }
          }
        ]
      }
    },
    "s": {
      "0": 1,
      "1": 1,
      "2": 1,
      "3": 3,
      "4": 3,
      "5": 3,
      "6": 2,
      "7": 2,
      "8": 0,
      "9": 2,
      "10": 3,
      "11": 3,
      "12": 3,
      "13": 3,
      "14": 1
    },
    "f": { "0": 3, "1": 2, "2": 3 },
    "b": { "0": [3, 2], "1": [0], "2": [3] }
  }
}
