TN:
SF:src\components\search-input\search-input.tsx
FN:15,(anonymous_1)
FN:19,(anonymous_2)
FN:23,(anonymous_3)
FN:29,(anonymous_4)
FN:34,(anonymous_5)
FN:43,(anonymous_6)
FNF:6
FNH:5
FNDA:2,(anonymous_1)
FNDA:3,(anonymous_2)
FNDA:1,(anonymous_3)
FNDA:1,(anonymous_4)
FNDA:0,(anonymous_5)
FNDA:1,(anonymous_6)
DA:2,1
DA:4,1
DA:5,1
DA:7,1
DA:8,1
DA:9,1
DA:15,1
DA:16,2
DA:17,2
DA:18,2
DA:19,3
DA:22,2
DA:23,2
DA:24,1
DA:25,1
DA:26,1
DA:29,2
DA:30,1
DA:31,1
DA:34,2
DA:35,0
DA:36,0
DA:40,2
DA:43,1
DA:64,1
LF:25
LH:23
BRDA:22,0,0,2
BRDA:22,0,1,0
BRDA:35,1,0,0
BRF:3
BRH:1
end_of_record
TN:
SF:src\components\search-item\search-item.tsx
FN:17,(anonymous_1)
FN:21,(anonymous_2)
FN:26,(anonymous_3)
FN:30,(anonymous_4)
FN:38,(anonymous_5)
FNF:5
FNH:5
FNDA:3,(anonymous_1)
FNDA:6,(anonymous_2)
FNDA:6,(anonymous_3)
FNDA:1,(anonymous_4)
FNDA:1,(anonymous_5)
DA:3,1
DA:5,1
DA:6,1
DA:7,1
DA:11,1
DA:17,1
DA:18,3
DA:19,3
DA:20,3
DA:21,6
DA:24,3
DA:26,3
DA:27,6
DA:30,3
DA:31,1
DA:34,3
DA:38,1
DA:65,1
LF:18
LH:18
BRDA:24,0,0,3
BRDA:24,0,1,0
BRDA:50,1,0,3
BRDA:50,1,1,0
BRF:4
BRH:2
end_of_record
TN:
SF:src\components\ui\button\button.tsx
FN:13,(anonymous_1)
FN:20,(anonymous_2)
FN:29,(anonymous_3)
FNF:3
FNH:2
FNDA:2,(anonymous_1)
FNDA:0,(anonymous_2)
FNDA:4,(anonymous_3)
DA:2,2
DA:3,2
DA:4,2
DA:13,2
DA:20,2
DA:21,0
DA:22,0
DA:24,0
DA:25,0
DA:28,2
DA:29,4
DA:32,2
DA:33,2
DA:45,2
LF:14
LH:10
BRDA:14,0,0,0
BRDA:21,1,0,0
BRDA:24,2,0,0
BRDA:32,3,0,2
BRDA:32,3,1,0
BRDA:36,4,0,2
BRDA:36,4,1,0
BRF:7
BRH:2
end_of_record
TN:
SF:src\components\ui\loading\loading.tsx
FN:7,(anonymous_1)
FN:9,(anonymous_2)
FNF:2
FNH:2
FNDA:1,(anonymous_1)
FNDA:2,(anonymous_2)
DA:3,1
DA:4,1
DA:5,1
DA:7,1
DA:8,1
DA:9,2
DA:12,1
DA:13,1
DA:20,1
LF:9
LH:9
BRDA:12,0,0,1
BRDA:12,0,1,0
BRF:2
BRH:1
end_of_record
TN:
SF:src\components\ui\pagination\pagination.tsx
FN:13,(anonymous_1)
FN:19,(anonymous_2)
FN:23,(anonymous_3)
FN:30,(anonymous_4)
FN:37,(anonymous_5)
FN:54,(anonymous_6)
FN:76,(anonymous_7)
FN:98,(anonymous_8)
FN:118,(anonymous_9)
FNF:9
FNH:5
FNDA:4,(anonymous_1)
FNDA:8,(anonymous_2)
FNDA:0,(anonymous_3)
FNDA:0,(anonymous_4)
FNDA:4,(anonymous_5)
FNDA:0,(anonymous_6)
FNDA:1,(anonymous_7)
FNDA:0,(anonymous_8)
FNDA:1,(anonymous_9)
DA:3,1
DA:4,1
DA:5,1
DA:13,1
DA:18,4
DA:19,8
DA:22,4
DA:23,4
DA:24,0
DA:25,0
DA:26,0
DA:30,4
DA:31,0
DA:32,0
DA:33,0
DA:37,4
DA:38,4
DA:39,4
DA:40,4
DA:41,4
DA:43,4
DA:44,1
DA:47,4
DA:48,1
DA:54,0
DA:60,1
DA:61,1
DA:69,4
DA:70,20
DA:76,1
DA:83,4
DA:84,3
DA:85,3
DA:92,3
DA:98,0
DA:105,4
DA:108,4
DA:118,1
DA:132,1
LF:39
LH:31
BRDA:22,0,0,4
BRDA:22,0,1,0
BRDA:25,1,0,0
BRDA:32,2,0,0
BRDA:43,3,0,1
BRDA:47,4,0,1
BRDA:52,5,0,0
BRDA:52,5,1,1
BRDA:60,6,0,1
BRDA:74,7,0,4
BRDA:74,7,1,16
BRDA:83,8,0,3
BRDA:84,9,0,3
BRDA:96,10,0,0
BRDA:96,10,1,3
BRF:15
BRH:10
end_of_record
TN:
SF:src\pages\not-found-page\not-found-page.tsx
FN:7,NotFoundPage
FN:9,(anonymous_2)
FNF:2
FNH:2
FNDA:1,NotFoundPage
FNDA:2,(anonymous_2)
DA:1,1
DA:3,1
DA:4,1
DA:5,1
DA:8,1
DA:9,2
DA:12,1
DA:13,1
DA:36,1
LF:9
LH:9
BRDA:12,0,0,1
BRDA:12,0,1,0
BRF:2
BRH:1
end_of_record
TN:
SF:src\redux\slices\checked-item-slice.ts
FN:22,(anonymous_0)
FN:34,(anonymous_1)
FN:43,(anonymous_2)
FN:48,(anonymous_3)
FN:51,(anonymous_4)
FN:65,(anonymous_5)
FN:66,(anonymous_6)
FN:71,(anonymous_7)
FN:74,(anonymous_8)
FN:77,(anonymous_9)
FNF:10
FNH:7
FNDA:5,(anonymous_0)
FNDA:1,(anonymous_1)
FNDA:4,(anonymous_2)
FNDA:2,(anonymous_3)
FNDA:1,(anonymous_4)
FNDA:0,(anonymous_5)
FNDA:0,(anonymous_6)
FNDA:0,(anonymous_7)
FNDA:6,(anonymous_8)
FNDA:6,(anonymous_9)
DA:1,2
DA:3,2
DA:14,2
DA:18,2
DA:23,5
DA:24,5
DA:25,1
DA:26,1
DA:28,0
DA:31,4
DA:35,1
DA:40,2
DA:41,2
DA:43,2
DA:44,4
DA:46,2
DA:49,2
DA:50,2
DA:52,1
DA:53,1
DA:55,1
DA:59,2
DA:63,2
DA:66,0
DA:69,2
DA:71,0
DA:74,2
DA:75,6
DA:77,6
LF:29
LH:26
BRDA:24,0,0,1
BRDA:24,0,1,4
BRDA:25,1,0,1
BRDA:25,1,1,0
BRDA:52,2,0,1
BRDA:77,3,0,6
BRDA:77,3,1,4
BRF:7
BRH:6
end_of_record
TN:
SF:src\redux\slices\search-slice.ts
FN:11,(anonymous_0)
FNF:1
FNH:0
FNDA:0,(anonymous_0)
DA:1,1
DA:2,1
DA:3,1
DA:7,1
DA:12,0
DA:17,1
DA:18,1
LF:7
LH:6
BRF:0
BRH:0
end_of_record
TN:
SF:src\redux\slices\theme-slice.ts
FN:10,(anonymous_0)
FN:23,(anonymous_1)
FN:27,(anonymous_2)
FN:37,(anonymous_3)
FN:41,(anonymous_4)
FNF:5
FNH:1
FNDA:6,(anonymous_0)
FNDA:0,(anonymous_1)
FNDA:0,(anonymous_2)
FNDA:0,(anonymous_3)
FNDA:0,(anonymous_4)
DA:1,6
DA:2,6
DA:3,6
DA:7,6
DA:10,6
DA:11,6
DA:12,6
DA:15,6
DA:19,6
DA:24,0
DA:25,0
DA:28,0
DA:29,0
DA:34,6
DA:35,6
DA:37,6
DA:39,6
DA:41,0
LF:18
LH:13
BRDA:12,0,0,0
BRDA:12,0,1,6
BRF:2
BRH:1
end_of_record
TN:
SF:src\redux\toggle-theme\theme.ts
FNF:0
FNH:0
DA:1,6
DA:2,6
LF:2
LH:2
BRF:0
BRH:0
end_of_record
TN:
SF:src\utils\const\render-with-redux.tsx
FN:11,(anonymous_1)
FNF:1
FNH:1
FNDA:10,(anonymous_1)
DA:1,6
DA:2,6
DA:3,6
DA:5,6
DA:11,6
DA:24,10
LF:6
LH:6
BRDA:13,0,0,1
BRDA:15,1,0,8
BRF:2
BRH:2
end_of_record
TN:
SF:src\utils\hooks\ls-hook.ts
FN:7,(anonymous_0)
FN:13,(anonymous_1)
FN:21,(anonymous_2)
FNF:3
FNH:3
FNDA:5,(anonymous_0)
FNDA:3,(anonymous_1)
FNDA:5,(anonymous_2)
DA:1,2
DA:2,2
DA:7,2
DA:8,5
DA:11,5
DA:13,5
DA:14,3
DA:15,3
DA:16,0
DA:18,3
DA:21,5
DA:22,5
DA:23,5
DA:27,5
DA:30,2
LF:15
LH:14
BRDA:9,0,0,5
BRDA:9,0,1,4
BRDA:15,1,0,0
BRDA:22,2,0,5
BRF:4
BRH:3
end_of_record
TN:
SF:src\utils\local-storage\ls-handler.ts
FN:1,saveToLocalStorage
FN:5,getFromLocalStorage
FNF:2
FNH:2
FNDA:2,saveToLocalStorage
FNDA:10,getFromLocalStorage
DA:1,6
DA:2,2
DA:5,6
DA:6,10
DA:7,10
LF:5
LH:5
BRDA:7,0,0,10
BRDA:7,0,1,9
BRF:2
BRH:2
end_of_record
