TN:
SF:src\components\flyout\flyout.tsx
FN:10,(anonymous_7)
FN:12,(anonymous_8)
FN:14,(anonymous_9)
FN:18,(anonymous_10)
FN:20,(anonymous_11)
FN:24,(anonymous_12)
FNF:6
FNH:1
FNDA:9,(anonymous_7)
FNDA:0,(anonymous_8)
FNDA:0,(anonymous_9)
FNDA:0,(anonymous_10)
FNDA:0,(anonymous_11)
FNDA:0,(anonymous_12)
DA:2,1
DA:4,1
DA:5,1
DA:6,1
DA:7,1
DA:8,1
DA:10,1
DA:11,9
DA:12,0
DA:13,0
DA:14,0
DA:18,0
DA:20,0
DA:21,0
DA:24,0
DA:25,0
DA:26,0
DA:27,0
DA:28,0
DA:29,0
DA:31,0
DA:37,0
DA:39,0
DA:54,1
LF:24
LH:9
BRDA:37,0,0,0
BRF:1
BRH:0
end_of_record
TN:
SF:src\components\search-item\search-item.tsx
FN:14,(anonymous_1)
FN:18,(anonymous_2)
FN:24,(anonymous_3)
FN:28,(anonymous_4)
FN:36,(anonymous_5)
FNF:5
FNH:1
FNDA:8,(anonymous_1)
FNDA:0,(anonymous_2)
FNDA:0,(anonymous_3)
FNDA:0,(anonymous_4)
FNDA:0,(anonymous_5)
DA:3,1
DA:5,1
DA:6,1
DA:7,1
DA:8,1
DA:14,1
DA:15,8
DA:16,8
DA:17,0
DA:18,0
DA:21,0
DA:23,0
DA:25,0
DA:28,0
DA:29,0
DA:32,0
DA:36,0
DA:63,1
LF:18
LH:9
BRDA:21,0,0,0
BRDA:21,0,1,0
BRDA:25,1,0,0
BRDA:25,1,1,0
BRDA:48,2,0,0
BRDA:48,2,1,0
BRF:6
BRH:0
end_of_record
TN:
SF:src\components\search-list\search-list.tsx
FN:10,(anonymous_1)
FN:16,(anonymous_2)
FNF:2
FNH:2
FNDA:4,(anonymous_1)
FNDA:4,(anonymous_2)
DA:2,1
DA:4,1
DA:5,1
DA:10,1
DA:11,4
DA:17,4
DA:25,1
LF:7
LH:7
BRDA:13,0,0,2
BRDA:13,0,1,2
BRF:2
BRH:2
end_of_record
TN:
SF:src\components\ui\button\button.tsx
FN:13,(anonymous_1)
FN:20,(anonymous_2)
FN:29,(anonymous_3)
FNF:3
FNH:2
FNDA:2,(anonymous_1)
FNDA:0,(anonymous_2)
FNDA:4,(anonymous_3)
DA:2,3
DA:3,3
DA:4,3
DA:13,3
DA:20,2
DA:21,0
DA:22,0
DA:24,0
DA:25,0
DA:28,2
DA:29,4
DA:32,2
DA:33,2
DA:45,3
LF:14
LH:10
BRDA:14,0,0,0
BRDA:21,1,0,0
BRDA:24,2,0,0
BRDA:32,3,0,2
BRDA:32,3,1,0
BRDA:36,4,0,2
BRDA:36,4,1,0
BRF:7
BRH:2
end_of_record
TN:
SF:src\components\ui\loading\loading.tsx
FN:7,(anonymous_1)
FN:9,(anonymous_2)
FNF:2
FNH:2
FNDA:1,(anonymous_1)
FNDA:2,(anonymous_2)
DA:3,1
DA:4,1
DA:5,1
DA:7,1
DA:8,1
DA:9,2
DA:12,1
DA:13,1
DA:20,1
LF:9
LH:9
BRDA:12,0,0,1
BRDA:12,0,1,0
BRF:2
BRH:1
end_of_record
TN:
SF:src\pages\not-found-page\not-found-page.tsx
FN:7,NotFoundPage
FN:9,(anonymous_2)
FNF:2
FNH:2
FNDA:1,NotFoundPage
FNDA:2,(anonymous_2)
DA:1,1
DA:3,1
DA:4,1
DA:5,1
DA:8,1
DA:9,2
DA:12,1
DA:13,1
DA:36,1
LF:9
LH:9
BRDA:12,0,0,1
BRDA:12,0,1,0
BRF:2
BRH:1
end_of_record
TN:
SF:src\redux\slices\checked-item-slice.ts
FN:20,(anonymous_0)
FN:28,(anonymous_1)
FNF:2
FNH:0
FNDA:0,(anonymous_0)
FNDA:0,(anonymous_1)
DA:1,1
DA:12,1
DA:16,1
DA:21,0
DA:22,0
DA:23,0
DA:25,0
DA:29,0
DA:34,1
DA:35,1
LF:10
LH:5
BRDA:22,0,0,0
BRDA:22,0,1,0
BRF:2
BRH:0
end_of_record
TN:
SF:src\redux\slices\theme-slice.ts
FN:5,(anonymous_0)
FN:18,(anonymous_1)
FN:22,(anonymous_2)
FNF:3
FNH:1
FNDA:3,(anonymous_0)
FNDA:0,(anonymous_1)
FNDA:0,(anonymous_2)
DA:1,3
DA:2,3
DA:3,3
DA:5,3
DA:6,3
DA:7,3
DA:10,3
DA:14,3
DA:19,0
DA:20,0
DA:23,0
DA:24,0
DA:29,3
DA:31,3
LF:14
LH:10
BRDA:7,0,0,0
BRDA:7,0,1,3
BRF:2
BRH:1
end_of_record
TN:
SF:src\redux\toggle-theme\theme.ts
FNF:0
FNH:0
DA:1,4
DA:6,4
LF:2
LH:2
BRF:0
BRH:0
end_of_record
TN:
SF:src\utils\const\render-with-redux.tsx
FN:9,(anonymous_1)
FNF:1
FNH:1
FNDA:3,(anonymous_1)
DA:1,3
DA:2,3
DA:3,3
DA:5,3
DA:9,3
DA:22,3
LF:6
LH:6
BRDA:11,0,0,1
BRDA:13,1,0,3
BRF:2
BRH:2
end_of_record
TN:
SF:src\utils\hooks\ls-hook.ts
FN:7,(anonymous_0)
FN:13,(anonymous_1)
FN:21,(anonymous_2)
FNF:3
FNH:3
FNDA:3,(anonymous_0)
FNDA:2,(anonymous_1)
FNDA:3,(anonymous_2)
DA:1,1
DA:2,1
DA:7,1
DA:8,3
DA:11,3
DA:13,3
DA:14,2
DA:15,2
DA:16,0
DA:18,2
DA:21,3
DA:22,3
DA:23,3
DA:27,3
DA:30,1
LF:15
LH:14
BRDA:9,0,0,3
BRDA:9,0,1,2
BRDA:15,1,0,0
BRDA:22,2,0,3
BRF:4
BRH:3
end_of_record
TN:
SF:src\utils\local-storage\ls-handler.ts
FN:1,saveToLocalStorage
FN:5,getFromLocalStorage
FNF:2
FNH:1
FNDA:0,saveToLocalStorage
FNDA:3,getFromLocalStorage
DA:1,3
DA:2,0
DA:5,3
DA:6,3
DA:7,3
LF:5
LH:4
BRDA:7,0,0,3
BRDA:7,0,1,3
BRF:2
BRH:2
end_of_record
